Initial Representation: 
Variable containing:
( 0 ,.,.) = 

Columns 0 to 8 
   1.0000  1.0000  1.0000  1.0000  1.0000  1.0000  1.0000  1.0000  1.0000
  1.0000  1.0000  1.0000  1.0000  1.0000  1.0000  1.0000  1.0000  1.0000

Columns 9 to 17 
   1.0000  1.0000  1.0000  1.0000  1.0000  1.0000  1.0000  1.0000  1.0000
  1.0000  1.0000  1.0000  1.0000  1.0000  1.0000  1.0000  1.0000  1.0000

Columns 18 to 26 
   1.0000  1.0000  1.0000  0.9240  1.0000  1.0000  1.0000  1.0000  1.0000
  1.0000  1.0000  1.0000  1.0000  1.0000  1.0000  1.0000  1.0000  1.0000

Columns 27 to 35 
   1.0000  1.0000  1.0000  1.0000  1.0000  1.0000  0.9535  1.0000  1.0000
  1.0000  1.0000  1.0000  1.0000  1.0000  1.0000  1.0000  1.0000  1.0000

Columns 36 to 44 
   1.0000  1.0000  1.0000  1.0000  1.0000  1.0000  1.0000  1.0000  1.0000
  1.0000  1.0000  1.0000  1.0000  1.0000  1.0000  1.0000  1.0000  1.0000

Columns 45 to 53 
   1.0000  1.0000  1.0000  1.0000  1.0000  1.0000  1.0000  1.0000  1.0000
  1.0000  1.0000  1.0000  1.0000  1.0000  1.0000  1.0000  1.0000  1.0000

Columns 54 to 62 
   1.0000  1.0000  1.0000  1.0000  1.0000  1.0000  1.0000  1.0000  1.0000
  1.0000  1.0000  1.0000  1.0000  1.0000  1.0000  1.0000  1.0000  1.0000

Columns 63 to 71 
   1.0000  1.0000  1.0000  1.0000  1.0000  1.0000  1.0000  1.0000  1.0000
  1.0000  1.0000  1.0000  1.0000  1.0000  1.0000  1.0000  1.0000  1.0000

Columns 72 to 80 
   1.0000  1.0000  1.0000  1.0000  1.0000  1.0000  1.0000  1.0000  1.0000
  1.0000  1.0000  1.0000  1.0000  1.0000  1.0000  1.0000  1.0000  1.0000

Columns 81 to 89 
   1.0000  1.0000  1.0000  1.0000  1.0000  1.0000  1.0000  1.0000  1.0000
  1.0000  1.0000  1.0000  1.0000  1.0000  1.0000  1.0000  1.0000  1.0000

Columns 90 to 98 
   1.0000  1.0000  1.0000  1.0000  1.0000  1.0000  1.0000  1.0000  1.0000
  1.0000  1.0000  1.0000  1.0000  1.0000  1.0000  1.0000  1.0000  1.0000

Columns 99 to 107 
   1.0000  1.0000  1.0000  1.0000  1.0000  1.0000  1.0000  1.0000  1.0000
  1.0000  1.0000  1.0000  1.0000  1.0000  1.0000  1.0000  1.0000  1.0000

Columns 108 to 116 
   1.0000  1.0000  1.0000  1.0000  1.0000  1.0000  1.0000  1.0000  1.0000
  1.0000  1.0000  1.0000  1.0000  1.0000  1.0000  1.0000  1.0000  1.0000

Columns 117 to 125 
   1.0000  1.0000  1.0000  1.0000  1.0000  1.0000  1.0000  1.0000  1.0000
  1.0000  1.0000  1.0000  1.0000  1.0000  1.0000  1.0000  1.0000  1.0000

Columns 126 to 134 
   1.0000  1.0000  1.0000  1.0000  1.0000  1.0000  1.0000  1.0000  1.0000
  1.0000  1.0000  1.0000  1.0000  1.0000  1.0000  1.0000  1.0000  1.0000

Columns 135 to 143 
   1.0000  1.0000  1.0000  1.0000  1.0000  1.0000  1.0000  1.0000  1.0000
  1.0000  1.0000  1.0000  1.0000  1.0000  1.0000  1.0000  1.0000  1.0000

Columns 144 to 152 
   1.0000  1.0000  1.0000  1.0000  1.0000  1.0000  1.0000  1.0000  1.0000
  0.7993  1.0000  1.0000  1.0000  1.0000  1.0000  1.0000  1.0000  1.0000

Columns 153 to 161 
   1.0000  1.0000  1.0000  1.0000  1.0000  1.0000  1.0000  1.0000  1.0000
  1.0000  1.0000  1.0000  1.0000  1.0000  1.0000  1.0000  1.0000  1.0000

Columns 162 to 170 
   1.0000  1.0000  1.0000  1.0000  0.7377  1.0000  1.0000  1.0000  1.0000
  1.0000  1.0000  1.0000  1.0000  1.0000  1.0000  1.0000  1.0000  1.0000

Columns 171 to 179 
   1.0000  1.0000  1.0000  1.0000  1.0000  1.0000  1.0000  1.0000  1.0000
  1.0000  1.0000  1.0000  1.0000  1.0000  1.0000  1.0000  1.0000  1.0000

Columns 180 to 188 
   1.0000  1.0000  1.0000  1.0000  1.0000  1.0000  1.0000  1.0000  1.0000
  1.0000  1.0000  1.0000  1.0000  1.0000  1.0000  1.0000  1.0000  1.0000

Columns 189 to 197 
   1.0000  1.0000  1.0000  1.0000  1.0000  1.0000  1.0000  1.0000  1.0000
  1.0000  1.0000  1.0000  1.0000  1.0000  1.0000  1.0000  1.0000  1.0000

Columns 198 to 206 
   1.0000  1.0000  1.0000  1.0000  1.0000  1.0000  1.0000  1.0000  1.0000
  1.0000  1.0000  1.0000  1.0000  1.0000  1.0000  1.0000  1.0000  1.0000

Columns 207 to 215 
   1.0000  1.0000  1.0000  1.0000  1.0000  1.0000  1.0000  1.0000  1.0000
  1.0000  1.0000  1.0000  1.0000  1.0000  1.0000  1.0000  1.0000  1.0000

Columns 216 to 224 
   1.0000  1.0000  1.0000  1.0000  1.0000  1.0000  1.0000  1.0000  1.0000
  1.0000  1.0000  1.0000  1.0000  1.0000  0.7346  1.0000  1.0000  1.0000

Columns 225 to 233 
   1.0000  1.0000  1.0000  1.0000  1.0000  1.0000  1.0000  1.0000  1.0000
  1.0000  1.0000  1.0000  1.0000  1.0000  1.0000  1.0000  1.0000  1.0000

Columns 234 to 242 
   1.0000  1.0000  1.0000  1.0000  1.0000  1.0000  1.0000  1.0000  1.0000
  1.0000  1.0000  1.0000  1.0000  1.0000  1.0000  1.0000  1.0000  1.0000

Columns 243 to 251 
   1.0000  1.0000  1.0000  1.0000  1.0000  1.0000  1.0000  1.0000  1.0000
  1.0000  1.0000  1.0000  1.0000  1.0000  1.0000  1.0000  1.0000  1.0000

Columns 252 to 260 
   1.0000  1.0000  1.0000  1.0000  1.0000  1.0000  1.0000  1.0000  1.0000
  1.0000  1.0000  1.0000  1.0000  1.0000  1.0000  1.0000  1.0000  1.0000

Columns 261 to 269 
   1.0000  1.0000  1.0000  1.0000  1.0000  0.6249  1.0000  1.0000  0.6071
  1.0000  1.0000  1.0000  1.0000  1.0000  1.0000  1.0000  1.0000  1.0000

Columns 270 to 278 
   1.0000  1.0000  1.0000  1.0000  1.0000  1.0000  0.6527  0.6950  1.0000
  1.0000  1.0000  1.0000  1.0000  1.0000  1.0000  1.0000  1.0000  1.0000

Columns 279 to 287 
   1.0000  1.0000  1.0000  1.0000  0.7236  1.0000  0.7237  1.0000  1.0000
  1.0000  1.0000  1.0000  1.0000  1.0000  1.0000  1.0000  1.0000  1.0000

Columns 288 to 296 
   0.7392  0.7659  1.0000  1.0000  1.0000  1.0000  1.0000  0.8357  1.0000
  1.0000  1.0000  1.0000  1.0000  1.0000  1.0000  1.0000  1.0000  1.0000

Columns 297 to 305 
   1.0000  1.0000  1.0000  1.0000  1.0000  1.0000  1.0000  1.0000  1.0000
  1.0000  1.0000  1.0000  1.0000  1.0000  1.0000  1.0000  1.0000  1.0000

Columns 306 to 314 
   0.8950  1.0000  1.0000  1.0000  1.0000  1.0000  1.0000  1.0000  1.0000
  1.0000  1.0000  1.0000  1.0000  1.0000  1.0000  1.0000  1.0000  1.0000

Columns 315 to 323 
   1.0000  1.0000  0.8969  1.0000  1.0000  1.0000  1.0000  1.0000  1.0000
  1.0000  1.0000  1.0000  1.0000  1.0000  1.0000  1.0000  1.0000  1.0000

Columns 324 to 332 
   1.0000  0.9455  1.0000  0.8578  1.0000  1.0000  1.0000  1.0000  1.0000
  1.0000  1.0000  1.0000  1.0000  1.0000  1.0000  1.0000  1.0000  1.0000

Columns 333 to 341 
   1.0000  1.0000  1.0000  1.0000  1.0000  1.0000  1.0000  1.0000  1.0000
  1.0000  1.0000  1.0000  1.0000  1.0000  1.0000  1.0000  1.0000  1.0000

Columns 342 to 350 
   1.0000  1.0000  1.0000  1.0000  1.0000  0.8756  1.0000  1.0000  1.0000
  1.0000  1.0000  0.9463  1.0000  1.0000  1.0000  1.0000  1.0000  1.0000

Columns 351 to 359 
   1.0000  1.0000  1.0000  1.0000  1.0000  1.0000  1.0000  1.0000  1.0000
  1.0000  1.0000  1.0000  1.0000  1.0000  1.0000  1.0000  1.0000  1.0000
[torch.cuda.FloatTensor of size 1x2x360 (GPU 0)]

Encoded Representation: 
Variable containing:
(0 ,.,.) = 
  1.4364  1.7492  1.7495  1.7334  1.7495  1.7493  1.7062  1.7427
[torch.cuda.FloatTensor of size 1x1x8 (GPU 0)]

 Decoded Representation: 
Variable containing:
( 0 ,.,.) = 

Columns 0 to 8 
   0.9463  0.9749  0.9761  0.9755  0.9770  0.9788  0.9791  0.9804  0.9806
  0.9690  0.9850  0.9885  0.9887  0.9873  0.9896  0.9900  0.9899  0.9907

Columns 9 to 17 
   0.9808  0.9803  0.9808  0.9790  0.9791  0.9790  0.9800  0.9803  0.9802
  0.9915  0.9890  0.9916  0.9909  0.9890  0.9903  0.9904  0.9891  0.9907

Columns 18 to 26 
   0.9808  0.9804  0.9784  0.9777  0.9756  0.9776  0.9786  0.9807  0.9809
  0.9910  0.9891  0.9905  0.9896  0.9860  0.9893  0.9896  0.9897  0.9908

Columns 27 to 35 
   0.9808  0.9795  0.9791  0.9791  0.9785  0.9794  0.9801  0.9822  0.9807
  0.9912  0.9890  0.9910  0.9902  0.9880  0.9903  0.9912  0.9903  0.9909

Columns 36 to 44 
   0.9811  0.9788  0.9780  0.9764  0.9746  0.9764  0.9772  0.9780  0.9795
  0.9912  0.9878  0.9897  0.9889  0.9859  0.9886  0.9890  0.9884  0.9901

Columns 45 to 53 
   0.9800  0.9798  0.9797  0.9789  0.9782  0.9802  0.9804  0.9817  0.9818
  0.9904  0.9886  0.9911  0.9906  0.9882  0.9904  0.9909  0.9908  0.9915

Columns 54 to 62 
   0.9821  0.9815  0.9820  0.9802  0.9804  0.9800  0.9809  0.9811  0.9811
  0.9923  0.9898  0.9923  0.9918  0.9898  0.9909  0.9911  0.9896  0.9913

Columns 63 to 71 
   0.9818  0.9816  0.9795  0.9787  0.9764  0.9786  0.9795  0.9818  0.9818
  0.9916  0.9898  0.9912  0.9902  0.9866  0.9900  0.9903  0.9905  0.9915

Columns 72 to 80 
   0.9818  0.9804  0.9800  0.9801  0.9795  0.9806  0.9811  0.9834  0.9816
  0.9919  0.9897  0.9917  0.9908  0.9887  0.9909  0.9919  0.9911  0.9916

Columns 81 to 89 
   0.9822  0.9797  0.9790  0.9771  0.9754  0.9771  0.9778  0.9786  0.9799
  0.9918  0.9884  0.9903  0.9895  0.9865  0.9890  0.9894  0.9888  0.9904

Columns 90 to 98 
   0.9805  0.9800  0.9799  0.9790  0.9782  0.9802  0.9804  0.9817  0.9818
  0.9907  0.9888  0.9912  0.9906  0.9882  0.9904  0.9909  0.9908  0.9915

Columns 99 to 107 
   0.9821  0.9815  0.9820  0.9802  0.9804  0.9800  0.9809  0.9811  0.9811
  0.9923  0.9898  0.9923  0.9918  0.9898  0.9909  0.9911  0.9896  0.9913

Columns 108 to 116 
   0.9818  0.9816  0.9795  0.9787  0.9764  0.9786  0.9795  0.9818  0.9818
  0.9916  0.9898  0.9912  0.9902  0.9866  0.9900  0.9903  0.9905  0.9915

Columns 117 to 125 
   0.9818  0.9804  0.9800  0.9801  0.9795  0.9806  0.9811  0.9834  0.9816
  0.9919  0.9897  0.9917  0.9908  0.9887  0.9909  0.9919  0.9911  0.9916

Columns 126 to 134 
   0.9822  0.9797  0.9790  0.9771  0.9754  0.9771  0.9778  0.9786  0.9798
  0.9918  0.9884  0.9903  0.9895  0.9865  0.9890  0.9894  0.9888  0.9903

Columns 135 to 143 
   0.9804  0.9800  0.9798  0.9789  0.9781  0.9801  0.9803  0.9817  0.9817
  0.9907  0.9887  0.9912  0.9906  0.9881  0.9904  0.9908  0.9907  0.9914

Columns 144 to 152 
   0.9820  0.9814  0.9820  0.9801  0.9803  0.9800  0.9809  0.9811  0.9810
  0.9923  0.9897  0.9923  0.9917  0.9898  0.9909  0.9910  0.9896  0.9913

Columns 153 to 161 
   0.9818  0.9815  0.9794  0.9786  0.9763  0.9786  0.9795  0.9818  0.9818
  0.9916  0.9898  0.9911  0.9902  0.9865  0.9899  0.9903  0.9904  0.9915

Columns 162 to 170 
   0.9817  0.9803  0.9799  0.9800  0.9795  0.9805  0.9811  0.9834  0.9816
  0.9918  0.9896  0.9917  0.9908  0.9887  0.9909  0.9919  0.9911  0.9916

Columns 171 to 179 
   0.9822  0.9796  0.9789  0.9771  0.9753  0.9771  0.9778  0.9786  0.9798
  0.9918  0.9883  0.9903  0.9894  0.9864  0.9890  0.9894  0.9888  0.9903

Columns 180 to 188 
   0.9804  0.9800  0.9799  0.9790  0.9782  0.9802  0.9804  0.9817  0.9818
  0.9907  0.9888  0.9912  0.9906  0.9882  0.9904  0.9909  0.9908  0.9915

Columns 189 to 197 
   0.9821  0.9815  0.9820  0.9802  0.9804  0.9800  0.9809  0.9811  0.9811
  0.9923  0.9898  0.9923  0.9918  0.9898  0.9909  0.9911  0.9896  0.9913

Columns 198 to 206 
   0.9818  0.9816  0.9795  0.9787  0.9764  0.9786  0.9795  0.9818  0.9818
  0.9916  0.9898  0.9912  0.9902  0.9866  0.9900  0.9903  0.9905  0.9915

Columns 207 to 215 
   0.9818  0.9804  0.9800  0.9801  0.9795  0.9806  0.9811  0.9834  0.9816
  0.9919  0.9897  0.9917  0.9908  0.9887  0.9909  0.9919  0.9911  0.9916

Columns 216 to 224 
   0.9822  0.9797  0.9790  0.9771  0.9754  0.9771  0.9778  0.9786  0.9799
  0.9918  0.9884  0.9903  0.9895  0.9865  0.9890  0.9894  0.9888  0.9904

Columns 225 to 233 
   0.9805  0.9800  0.9799  0.9790  0.9782  0.9802  0.9804  0.9817  0.9818
  0.9907  0.9888  0.9912  0.9906  0.9882  0.9904  0.9909  0.9908  0.9915

Columns 234 to 242 
   0.9821  0.9815  0.9820  0.9802  0.9804  0.9800  0.9809  0.9811  0.9811
  0.9923  0.9898  0.9923  0.9918  0.9898  0.9909  0.9911  0.9896  0.9913

Columns 243 to 251 
   0.9818  0.9816  0.9795  0.9787  0.9764  0.9786  0.9795  0.9818  0.9818
  0.9916  0.9898  0.9912  0.9902  0.9866  0.9900  0.9903  0.9905  0.9915

Columns 252 to 260 
   0.9818  0.9804  0.9800  0.9801  0.9795  0.9806  0.9811  0.9834  0.9816
  0.9919  0.9897  0.9917  0.9908  0.9887  0.9909  0.9919  0.9911  0.9916

Columns 261 to 269 
   0.9822  0.9797  0.9790  0.9771  0.9754  0.9771  0.9778  0.9786  0.9798
  0.9918  0.9884  0.9903  0.9895  0.9865  0.9890  0.9894  0.9888  0.9903

Columns 270 to 278 
   0.9804  0.9799  0.9797  0.9788  0.9780  0.9800  0.9802  0.9815  0.9816
  0.9906  0.9887  0.9912  0.9905  0.9881  0.9903  0.9907  0.9907  0.9914

Columns 279 to 287 
   0.9819  0.9813  0.9819  0.9800  0.9802  0.9799  0.9808  0.9810  0.9809
  0.9922  0.9897  0.9922  0.9917  0.9897  0.9908  0.9910  0.9895  0.9912

Columns 288 to 296 
   0.9817  0.9814  0.9793  0.9785  0.9763  0.9785  0.9794  0.9817  0.9817
  0.9915  0.9897  0.9911  0.9901  0.9865  0.9899  0.9902  0.9904  0.9914

Columns 297 to 305 
   0.9817  0.9803  0.9798  0.9800  0.9794  0.9804  0.9810  0.9833  0.9815
  0.9918  0.9896  0.9916  0.9907  0.9886  0.9908  0.9918  0.9910  0.9915

Columns 306 to 314 
   0.9821  0.9796  0.9788  0.9770  0.9753  0.9770  0.9778  0.9785  0.9798
  0.9917  0.9883  0.9902  0.9894  0.9864  0.9889  0.9894  0.9887  0.9903

Columns 315 to 323 
   0.9804  0.9800  0.9798  0.9789  0.9782  0.9802  0.9803  0.9817  0.9818
  0.9906  0.9887  0.9912  0.9906  0.9882  0.9904  0.9908  0.9908  0.9915

Columns 324 to 332 
   0.9821  0.9814  0.9820  0.9801  0.9803  0.9800  0.9809  0.9811  0.9810
  0.9923  0.9898  0.9923  0.9917  0.9898  0.9909  0.9911  0.9896  0.9913

Columns 333 to 341 
   0.9818  0.9815  0.9794  0.9786  0.9764  0.9786  0.9795  0.9818  0.9818
  0.9916  0.9898  0.9911  0.9902  0.9866  0.9899  0.9903  0.9904  0.9915

Columns 342 to 350 
   0.9818  0.9804  0.9799  0.9801  0.9795  0.9805  0.9811  0.9834  0.9816
  0.9918  0.9896  0.9917  0.9908  0.9887  0.9909  0.9919  0.9911  0.9916

Columns 351 to 359 
   0.9822  0.9797  0.9790  0.9771  0.9753  0.9738  0.9745  0.9733  0.9426
  0.9918  0.9883  0.9903  0.9894  0.9864  0.9866  0.9872  0.9842  0.9672
[torch.cuda.FloatTensor of size 1x2x360 (GPU 0)]

 Diff: 
Variable containing:
( 0 ,.,.) = 

Columns 0 to 8 
  -0.0537 -0.0251 -0.0239 -0.0245 -0.0230 -0.0212 -0.0209 -0.0196 -0.0194
 -0.0310 -0.0150 -0.0115 -0.0113 -0.0127 -0.0104 -0.0100 -0.0101 -0.0093

Columns 9 to 17 
  -0.0192 -0.0197 -0.0192 -0.0210 -0.0209 -0.0210 -0.0200 -0.0197 -0.0198
 -0.0085 -0.0110 -0.0084 -0.0091 -0.0110 -0.0097 -0.0096 -0.0109 -0.0093

Columns 18 to 26 
  -0.0192 -0.0196 -0.0216  0.0537 -0.0244 -0.0224 -0.0214 -0.0193 -0.0191
 -0.0090 -0.0109 -0.0095 -0.0104 -0.0140 -0.0107 -0.0104 -0.0103 -0.0092

Columns 27 to 35 
  -0.0192 -0.0205 -0.0209 -0.0209 -0.0215 -0.0206  0.0266 -0.0178 -0.0193
 -0.0088 -0.0110 -0.0090 -0.0098 -0.0120 -0.0097 -0.0088 -0.0097 -0.0091

Columns 36 to 44 
  -0.0189 -0.0212 -0.0220 -0.0236 -0.0254 -0.0236 -0.0228 -0.0220 -0.0205
 -0.0088 -0.0122 -0.0103 -0.0111 -0.0141 -0.0114 -0.0110 -0.0116 -0.0099

Columns 45 to 53 
  -0.0200 -0.0202 -0.0203 -0.0211 -0.0218 -0.0198 -0.0196 -0.0183 -0.0182
 -0.0096 -0.0114 -0.0089 -0.0094 -0.0118 -0.0096 -0.0091 -0.0092 -0.0085

Columns 54 to 62 
  -0.0179 -0.0185 -0.0180 -0.0198 -0.0196 -0.0200 -0.0191 -0.0189 -0.0189
 -0.0077 -0.0102 -0.0077 -0.0082 -0.0102 -0.0091 -0.0089 -0.0104 -0.0087

Columns 63 to 71 
  -0.0182 -0.0184 -0.0205 -0.0213 -0.0236 -0.0214 -0.0205 -0.0182 -0.0182
 -0.0084 -0.0102 -0.0088 -0.0098 -0.0134 -0.0100 -0.0097 -0.0095 -0.0085

Columns 72 to 80 
  -0.0182 -0.0196 -0.0200 -0.0199 -0.0205 -0.0194 -0.0189 -0.0166 -0.0184
 -0.0081 -0.0103 -0.0083 -0.0092 -0.0113 -0.0091 -0.0081 -0.0089 -0.0084

Columns 81 to 89 
  -0.0178 -0.0203 -0.0210 -0.0229 -0.0246 -0.0229 -0.0222 -0.0214 -0.0201
 -0.0082 -0.0116 -0.0097 -0.0105 -0.0135 -0.0110 -0.0106 -0.0112 -0.0096

Columns 90 to 98 
  -0.0195 -0.0200 -0.0201 -0.0210 -0.0218 -0.0198 -0.0196 -0.0183 -0.0182
 -0.0093 -0.0112 -0.0088 -0.0094 -0.0118 -0.0096 -0.0091 -0.0092 -0.0085

Columns 99 to 107 
  -0.0179 -0.0185 -0.0180 -0.0198 -0.0196 -0.0200 -0.0191 -0.0189 -0.0189
 -0.0077 -0.0102 -0.0077 -0.0082 -0.0102 -0.0091 -0.0089 -0.0104 -0.0087

Columns 108 to 116 
  -0.0182 -0.0184 -0.0205 -0.0213 -0.0236 -0.0214 -0.0205 -0.0182 -0.0182
 -0.0084 -0.0102 -0.0088 -0.0098 -0.0134 -0.0100 -0.0097 -0.0095 -0.0085

Columns 117 to 125 
  -0.0182 -0.0196 -0.0200 -0.0199 -0.0205 -0.0194 -0.0189 -0.0166 -0.0184
 -0.0081 -0.0103 -0.0083 -0.0092 -0.0113 -0.0091 -0.0081 -0.0089 -0.0084

Columns 126 to 134 
  -0.0178 -0.0203 -0.0210 -0.0229 -0.0246 -0.0229 -0.0222 -0.0214 -0.0202
 -0.0082 -0.0116 -0.0097 -0.0105 -0.0135 -0.0110 -0.0106 -0.0112 -0.0097

Columns 135 to 143 
  -0.0196 -0.0200 -0.0202 -0.0211 -0.0219 -0.0199 -0.0197 -0.0183 -0.0183
 -0.0093 -0.0113 -0.0088 -0.0094 -0.0119 -0.0096 -0.0092 -0.0093 -0.0086

Columns 144 to 152 
  -0.0180 -0.0186 -0.0180 -0.0199 -0.0197 -0.0200 -0.0191 -0.0189 -0.0190
  0.1930 -0.0103 -0.0077 -0.0083 -0.0102 -0.0091 -0.0090 -0.0104 -0.0087

Columns 153 to 161 
  -0.0182 -0.0185 -0.0206 -0.0214 -0.0237 -0.0214 -0.0205 -0.0182 -0.0182
 -0.0084 -0.0102 -0.0089 -0.0098 -0.0135 -0.0101 -0.0097 -0.0096 -0.0085

Columns 162 to 170 
  -0.0183 -0.0197 -0.0201 -0.0200  0.2418 -0.0195 -0.0189 -0.0166 -0.0184
 -0.0082 -0.0104 -0.0083 -0.0092 -0.0113 -0.0091 -0.0081 -0.0089 -0.0084

Columns 171 to 179 
  -0.0178 -0.0204 -0.0211 -0.0229 -0.0247 -0.0229 -0.0222 -0.0214 -0.0202
 -0.0082 -0.0117 -0.0097 -0.0106 -0.0136 -0.0110 -0.0106 -0.0112 -0.0097

Columns 180 to 188 
  -0.0196 -0.0200 -0.0201 -0.0210 -0.0218 -0.0198 -0.0196 -0.0183 -0.0182
 -0.0093 -0.0112 -0.0088 -0.0094 -0.0118 -0.0096 -0.0091 -0.0092 -0.0085

Columns 189 to 197 
  -0.0179 -0.0185 -0.0180 -0.0198 -0.0196 -0.0200 -0.0191 -0.0189 -0.0189
 -0.0077 -0.0102 -0.0077 -0.0082 -0.0102 -0.0091 -0.0089 -0.0104 -0.0087

Columns 198 to 206 
  -0.0182 -0.0184 -0.0205 -0.0213 -0.0236 -0.0214 -0.0205 -0.0182 -0.0182
 -0.0084 -0.0102 -0.0088 -0.0098 -0.0134 -0.0100 -0.0097 -0.0095 -0.0085

Columns 207 to 215 
  -0.0182 -0.0196 -0.0200 -0.0199 -0.0205 -0.0194 -0.0189 -0.0166 -0.0184
 -0.0081 -0.0103 -0.0083 -0.0092 -0.0113 -0.0091 -0.0081 -0.0089 -0.0084

Columns 216 to 224 
  -0.0178 -0.0203 -0.0210 -0.0229 -0.0246 -0.0229 -0.0222 -0.0214 -0.0201
 -0.0082 -0.0116 -0.0097 -0.0105 -0.0135  0.2544 -0.0106 -0.0112 -0.0096

Columns 225 to 233 
  -0.0195 -0.0200 -0.0201 -0.0210 -0.0218 -0.0198 -0.0196 -0.0183 -0.0182
 -0.0093 -0.0112 -0.0088 -0.0094 -0.0118 -0.0096 -0.0091 -0.0092 -0.0085

Columns 234 to 242 
  -0.0179 -0.0185 -0.0180 -0.0198 -0.0196 -0.0200 -0.0191 -0.0189 -0.0189
 -0.0077 -0.0102 -0.0077 -0.0082 -0.0102 -0.0091 -0.0089 -0.0104 -0.0087

Columns 243 to 251 
  -0.0182 -0.0184 -0.0205 -0.0213 -0.0236 -0.0214 -0.0205 -0.0182 -0.0182
 -0.0084 -0.0102 -0.0088 -0.0098 -0.0134 -0.0100 -0.0097 -0.0095 -0.0085

Columns 252 to 260 
  -0.0182 -0.0196 -0.0200 -0.0199 -0.0205 -0.0194 -0.0189 -0.0166 -0.0184
 -0.0081 -0.0103 -0.0083 -0.0092 -0.0113 -0.0091 -0.0081 -0.0089 -0.0084

Columns 261 to 269 
  -0.0178 -0.0203 -0.0210 -0.0229 -0.0246  0.3522 -0.0222 -0.0214  0.3726
 -0.0082 -0.0116 -0.0097 -0.0105 -0.0135 -0.0110 -0.0106 -0.0112 -0.0097

Columns 270 to 278 
  -0.0196 -0.0201 -0.0203 -0.0212 -0.0220 -0.0200  0.3275  0.2866 -0.0184
 -0.0094 -0.0113 -0.0088 -0.0095 -0.0119 -0.0097 -0.0093 -0.0093 -0.0086

Columns 279 to 287 
  -0.0181 -0.0187 -0.0181 -0.0200  0.2565 -0.0201  0.2571 -0.0190 -0.0191
 -0.0078 -0.0103 -0.0078 -0.0083 -0.0103 -0.0092 -0.0090 -0.0105 -0.0088

Columns 288 to 296 
   0.2425  0.2155 -0.0207 -0.0215 -0.0237 -0.0215 -0.0206  0.1460 -0.0183
 -0.0085 -0.0103 -0.0089 -0.0099 -0.0135 -0.0101 -0.0098 -0.0096 -0.0086

Columns 297 to 305 
  -0.0183 -0.0197 -0.0202 -0.0200 -0.0206 -0.0196 -0.0190 -0.0167 -0.0185
 -0.0082 -0.0104 -0.0084 -0.0093 -0.0114 -0.0092 -0.0082 -0.0090 -0.0085

Columns 306 to 314 
   0.0871 -0.0204 -0.0212 -0.0230 -0.0247 -0.0230 -0.0222 -0.0215 -0.0202
 -0.0083 -0.0117 -0.0098 -0.0106 -0.0136 -0.0111 -0.0106 -0.0113 -0.0097

Columns 315 to 323 
  -0.0196 -0.0200  0.0830 -0.0211 -0.0218 -0.0198 -0.0197 -0.0183 -0.0182
 -0.0094 -0.0113 -0.0088 -0.0094 -0.0118 -0.0096 -0.0092 -0.0092 -0.0085

Columns 324 to 332 
  -0.0179  0.0359 -0.0180  0.1223 -0.0197 -0.0200 -0.0191 -0.0189 -0.0190
 -0.0077 -0.0102 -0.0077 -0.0083 -0.0102 -0.0091 -0.0089 -0.0104 -0.0087

Columns 333 to 341 
  -0.0182 -0.0185 -0.0206 -0.0214 -0.0236 -0.0214 -0.0205 -0.0182 -0.0182
 -0.0084 -0.0102 -0.0089 -0.0098 -0.0134 -0.0101 -0.0097 -0.0096 -0.0085

Columns 342 to 350 
  -0.0182 -0.0196 -0.0201 -0.0199 -0.0205  0.1050 -0.0189 -0.0166 -0.0184
 -0.0082 -0.0104  0.0454 -0.0092 -0.0113 -0.0091 -0.0081 -0.0089 -0.0084

Columns 351 to 359 
  -0.0178 -0.0203 -0.0210 -0.0229 -0.0247 -0.0262 -0.0255 -0.0267 -0.0574
 -0.0082 -0.0117 -0.0097 -0.0106 -0.0136 -0.0134 -0.0128 -0.0158 -0.0328
[torch.cuda.FloatTensor of size 1x2x360 (GPU 0)]
