dataset of size: 100000

testset of size: 10000

epoch [1/1000], train loss:0.0082
epoch [1/1000], test loss:0.0081
epoch [2/1000], train loss:0.0084
epoch [2/1000], test loss:0.0080
epoch [3/1000], train loss:0.0078
epoch [3/1000], test loss:0.0080
epoch [4/1000], train loss:0.0082
epoch [4/1000], test loss:0.0079
epoch [5/1000], train loss:0.0079
epoch [5/1000], test loss:0.0079
epoch [6/1000], train loss:0.0072
epoch [6/1000], test loss:0.0079
epoch [7/1000], train loss:0.0082
epoch [7/1000], test loss:0.0079
epoch [8/1000], train loss:0.0083
epoch [8/1000], test loss:0.0079
epoch [9/1000], train loss:0.0083
epoch [9/1000], test loss:0.0082
epoch [10/1000], train loss:0.0084
epoch [10/1000], test loss:0.0079
epoch [11/1000], train loss:0.0077
epoch [11/1000], test loss:0.0079
epoch [12/1000], train loss:0.0074
epoch [12/1000], test loss:0.0083
epoch [13/1000], train loss:0.0078
epoch [13/1000], test loss:0.0080
epoch [14/1000], train loss:0.0082
epoch [14/1000], test loss:0.0079
epoch [15/1000], train loss:0.0080
epoch [15/1000], test loss:0.0079
epoch [16/1000], train loss:0.0075
epoch [16/1000], test loss:0.0079
epoch [17/1000], train loss:0.0085
epoch [17/1000], test loss:0.0080
epoch [18/1000], train loss:0.0082
epoch [18/1000], test loss:0.0079
epoch [19/1000], train loss:0.0078
epoch [19/1000], test loss:0.0079
epoch [20/1000], train loss:0.0083
epoch [20/1000], test loss:0.0082
epoch [21/1000], train loss:0.0081
epoch [21/1000], test loss:0.0081
epoch [22/1000], train loss:0.0083
epoch [22/1000], test loss:0.0079
epoch [23/1000], train loss:0.0086
epoch [23/1000], test loss:0.0079
epoch [24/1000], train loss:0.0081
epoch [24/1000], test loss:0.0079
epoch [25/1000], train loss:0.0081
epoch [25/1000], test loss:0.0079
epoch [26/1000], train loss:0.0075
epoch [26/1000], test loss:0.0079
epoch [27/1000], train loss:0.0079
epoch [27/1000], test loss:0.0079
epoch [28/1000], train loss:0.0082
epoch [28/1000], test loss:0.0079
epoch [29/1000], train loss:0.0082
epoch [29/1000], test loss:0.0079
epoch [30/1000], train loss:0.0081
epoch [30/1000], test loss:0.0079
epoch [31/1000], train loss:0.0083
epoch [31/1000], test loss:0.0079
epoch [32/1000], train loss:0.0076
epoch [32/1000], test loss:0.0080
epoch [33/1000], train loss:0.0079
epoch [33/1000], test loss:0.0080
epoch [34/1000], train loss:0.0077
epoch [34/1000], test loss:0.0079
epoch [35/1000], train loss:0.0076
epoch [35/1000], test loss:0.0079
epoch [36/1000], train loss:0.0077
epoch [36/1000], test loss:0.0079
epoch [37/1000], train loss:0.0073
epoch [37/1000], test loss:0.0079
epoch [38/1000], train loss:0.0082
epoch [38/1000], test loss:0.0079
epoch [39/1000], train loss:0.0072
epoch [39/1000], test loss:0.0079
epoch [40/1000], train loss:0.0075
epoch [40/1000], test loss:0.0081
epoch [41/1000], train loss:0.0080
epoch [41/1000], test loss:0.0079
epoch [42/1000], train loss:0.0075
epoch [42/1000], test loss:0.0079
epoch [43/1000], train loss:0.0084
epoch [43/1000], test loss:0.0088
epoch [44/1000], train loss:0.0074
epoch [44/1000], test loss:0.0079
epoch [45/1000], train loss:0.0074
epoch [45/1000], test loss:0.0078
epoch [46/1000], train loss:0.0079
epoch [46/1000], test loss:0.0081
epoch [47/1000], train loss:0.0076
epoch [47/1000], test loss:0.0079
epoch [48/1000], train loss:0.0079
epoch [48/1000], test loss:0.0078
epoch [49/1000], train loss:0.0077
epoch [49/1000], test loss:0.0079
epoch [50/1000], train loss:0.0088
epoch [50/1000], test loss:0.0079
epoch [51/1000], train loss:0.0076
epoch [51/1000], test loss:0.0078
epoch [52/1000], train loss:0.0078
epoch [52/1000], test loss:0.0078
epoch [53/1000], train loss:0.0077
epoch [53/1000], test loss:0.0079
epoch [54/1000], train loss:0.0081
epoch [54/1000], test loss:0.0081
epoch [55/1000], train loss:0.0087
epoch [55/1000], test loss:0.0079
epoch [56/1000], train loss:0.0077
epoch [56/1000], test loss:0.0079
epoch [57/1000], train loss:0.0079
epoch [57/1000], test loss:0.0081
epoch [58/1000], train loss:0.0080
epoch [58/1000], test loss:0.0078
epoch [59/1000], train loss:0.0085
epoch [59/1000], test loss:0.0079
epoch [60/1000], train loss:0.0075
epoch [60/1000], test loss:0.0078
epoch [61/1000], train loss:0.0075
epoch [61/1000], test loss:0.0079
epoch [62/1000], train loss:0.0073
epoch [62/1000], test loss:0.0079
epoch [63/1000], train loss:0.0083
epoch [63/1000], test loss:0.0079
epoch [64/1000], train loss:0.0090
epoch [64/1000], test loss:0.0079
epoch [65/1000], train loss:0.0078
epoch [65/1000], test loss:0.0079
epoch [66/1000], train loss:0.0074
epoch [66/1000], test loss:0.0080
epoch [67/1000], train loss:0.0077
epoch [67/1000], test loss:0.0086
epoch [68/1000], train loss:0.0074
epoch [68/1000], test loss:0.0079
epoch [69/1000], train loss:0.0073
epoch [69/1000], test loss:0.0078
epoch [70/1000], train loss:0.0085
epoch [70/1000], test loss:0.0080
epoch [71/1000], train loss:0.0079
epoch [71/1000], test loss:0.0079
epoch [72/1000], train loss:0.0081
epoch [72/1000], test loss:0.0083
epoch [73/1000], train loss:0.0081
epoch [73/1000], test loss:0.0079
epoch [74/1000], train loss:0.0072
epoch [74/1000], test loss:0.0079
epoch [75/1000], train loss:0.0075
epoch [75/1000], test loss:0.0079
epoch [76/1000], train loss:0.0081
epoch [76/1000], test loss:0.0078
epoch [77/1000], train loss:0.0082
epoch [77/1000], test loss:0.0079
epoch [78/1000], train loss:0.0070
epoch [78/1000], test loss:0.0079
epoch [79/1000], train loss:0.0084
epoch [79/1000], test loss:0.0078
epoch [80/1000], train loss:0.0077
epoch [80/1000], test loss:0.0079
epoch [81/1000], train loss:0.0074
epoch [81/1000], test loss:0.0078
epoch [82/1000], train loss:0.0075
epoch [82/1000], test loss:0.0079
epoch [83/1000], train loss:0.0073
epoch [83/1000], test loss:0.0080
epoch [84/1000], train loss:0.0080
epoch [84/1000], test loss:0.0078
epoch [85/1000], train loss:0.0078
epoch [85/1000], test loss:0.0079
epoch [86/1000], train loss:0.0071
epoch [86/1000], test loss:0.0084
epoch [87/1000], train loss:0.0084
epoch [87/1000], test loss:0.0078
epoch [88/1000], train loss:0.0079
epoch [88/1000], test loss:0.0079
epoch [89/1000], train loss:0.0072
epoch [89/1000], test loss:0.0078
epoch [90/1000], train loss:0.0073
epoch [90/1000], test loss:0.0079
epoch [91/1000], train loss:0.0081
epoch [91/1000], test loss:0.0079
epoch [92/1000], train loss:0.0078
epoch [92/1000], test loss:0.0078
epoch [93/1000], train loss:0.0079
epoch [93/1000], test loss:0.0078
epoch [94/1000], train loss:0.0073
epoch [94/1000], test loss:0.0079
epoch [95/1000], train loss:0.0075
epoch [95/1000], test loss:0.0081
epoch [96/1000], train loss:0.0080
epoch [96/1000], test loss:0.0079
epoch [97/1000], train loss:0.0083
epoch [97/1000], test loss:0.0078
epoch [98/1000], train loss:0.0076
epoch [98/1000], test loss:0.0080
epoch [99/1000], train loss:0.0075
epoch [99/1000], test loss:0.0078
epoch [100/1000], train loss:0.0082
epoch [100/1000], test loss:0.0080
epoch [101/1000], train loss:0.0081
epoch [101/1000], test loss:0.0078
epoch [102/1000], train loss:0.0084
epoch [102/1000], test loss:0.0078
epoch [103/1000], train loss:0.0078
epoch [103/1000], test loss:0.0079
epoch [104/1000], train loss:0.0077
epoch [104/1000], test loss:0.0079
epoch [105/1000], train loss:0.0084
epoch [105/1000], test loss:0.0079
epoch [106/1000], train loss:0.0084
epoch [106/1000], test loss:0.0084
epoch [107/1000], train loss:0.0075
epoch [107/1000], test loss:0.0078
epoch [108/1000], train loss:0.0078
epoch [108/1000], test loss:0.0078
epoch [109/1000], train loss:0.0081
epoch [109/1000], test loss:0.0084
epoch [110/1000], train loss:0.0082
epoch [110/1000], test loss:0.0078
epoch [111/1000], train loss:0.0077
epoch [111/1000], test loss:0.0087
epoch [112/1000], train loss:0.0078
epoch [112/1000], test loss:0.0078
epoch [113/1000], train loss:0.0078
epoch [113/1000], test loss:0.0079
epoch [114/1000], train loss:0.0082
epoch [114/1000], test loss:0.0079
epoch [115/1000], train loss:0.0083
epoch [115/1000], test loss:0.0080
epoch [116/1000], train loss:0.0078
epoch [116/1000], test loss:0.0079
epoch [117/1000], train loss:0.0076
epoch [117/1000], test loss:0.0080
epoch [118/1000], train loss:0.0080
epoch [118/1000], test loss:0.0078
epoch [119/1000], train loss:0.0076
epoch [119/1000], test loss:0.0079
epoch [120/1000], train loss:0.0072
epoch [120/1000], test loss:0.0079
epoch [121/1000], train loss:0.0079
epoch [121/1000], test loss:0.0080
epoch [122/1000], train loss:0.0082
epoch [122/1000], test loss:0.0082
epoch [123/1000], train loss:0.0079
epoch [123/1000], test loss:0.0078
epoch [124/1000], train loss:0.0084
epoch [124/1000], test loss:0.0079
epoch [125/1000], train loss:0.0081
epoch [125/1000], test loss:0.0081
epoch [126/1000], train loss:0.0078
epoch [126/1000], test loss:0.0082
epoch [127/1000], train loss:0.0074
epoch [127/1000], test loss:0.0079
epoch [128/1000], train loss:0.0090
epoch [128/1000], test loss:0.0079
epoch [129/1000], train loss:0.0075
epoch [129/1000], test loss:0.0082
epoch [130/1000], train loss:0.0075
epoch [130/1000], test loss:0.0080
epoch [131/1000], train loss:0.0078
epoch [131/1000], test loss:0.0079
epoch [132/1000], train loss:0.0078
epoch [132/1000], test loss:0.0078
epoch [133/1000], train loss:0.0080
epoch [133/1000], test loss:0.0084
epoch [134/1000], train loss:0.0070
epoch [134/1000], test loss:0.0079
epoch [135/1000], train loss:0.0089
epoch [135/1000], test loss:0.0078
epoch [136/1000], train loss:0.0084
epoch [136/1000], test loss:0.0078
epoch [137/1000], train loss:0.0080
epoch [137/1000], test loss:0.0080
epoch [138/1000], train loss:0.0073
epoch [138/1000], test loss:0.0079
epoch [139/1000], train loss:0.0076
epoch [139/1000], test loss:0.0078
epoch [140/1000], train loss:0.0072
epoch [140/1000], test loss:0.0079
epoch [141/1000], train loss:0.0070
epoch [141/1000], test loss:0.0081
epoch [142/1000], train loss:0.0076
epoch [142/1000], test loss:0.0079
epoch [143/1000], train loss:0.0076
epoch [143/1000], test loss:0.0078
epoch [144/1000], train loss:0.0081
epoch [144/1000], test loss:0.0078
epoch [145/1000], train loss:0.0079
epoch [145/1000], test loss:0.0079
epoch [146/1000], train loss:0.0079
epoch [146/1000], test loss:0.0078
epoch [147/1000], train loss:0.0081
epoch [147/1000], test loss:0.0080
epoch [148/1000], train loss:0.0074
epoch [148/1000], test loss:0.0078
epoch [149/1000], train loss:0.0087
epoch [149/1000], test loss:0.0080
epoch [150/1000], train loss:0.0079
epoch [150/1000], test loss:0.0081
epoch [151/1000], train loss:0.0081
epoch [151/1000], test loss:0.0081
epoch [152/1000], train loss:0.0078
epoch [152/1000], test loss:0.0079
epoch [153/1000], train loss:0.0075
epoch [153/1000], test loss:0.0079
epoch [154/1000], train loss:0.0082
epoch [154/1000], test loss:0.0078
epoch [155/1000], train loss:0.0084
epoch [155/1000], test loss:0.0078
epoch [156/1000], train loss:0.0070
epoch [156/1000], test loss:0.0079
epoch [157/1000], train loss:0.0079
epoch [157/1000], test loss:0.0079
epoch [158/1000], train loss:0.0082
epoch [158/1000], test loss:0.0083
epoch [159/1000], train loss:0.0077
epoch [159/1000], test loss:0.0079
epoch [160/1000], train loss:0.0081
epoch [160/1000], test loss:0.0078
epoch [161/1000], train loss:0.0074
epoch [161/1000], test loss:0.0078
epoch [162/1000], train loss:0.0082
epoch [162/1000], test loss:0.0080
epoch [163/1000], train loss:0.0086
epoch [163/1000], test loss:0.0079
epoch [164/1000], train loss:0.0081
epoch [164/1000], test loss:0.0079
epoch [165/1000], train loss:0.0081
epoch [165/1000], test loss:0.0090
epoch [166/1000], train loss:0.0075
epoch [166/1000], test loss:0.0089
epoch [167/1000], train loss:0.0084
epoch [167/1000], test loss:0.0078
epoch [168/1000], train loss:0.0077
epoch [168/1000], test loss:0.0079
epoch [169/1000], train loss:0.0072
epoch [169/1000], test loss:0.0079
epoch [170/1000], train loss:0.0075
epoch [170/1000], test loss:0.0078
epoch [171/1000], train loss:0.0081
epoch [171/1000], test loss:0.0078
epoch [172/1000], train loss:0.0074
epoch [172/1000], test loss:0.0078
epoch [173/1000], train loss:0.0078
epoch [173/1000], test loss:0.0081
epoch [174/1000], train loss:0.0082
epoch [174/1000], test loss:0.0078
epoch [175/1000], train loss:0.0080
epoch [175/1000], test loss:0.0083
epoch [176/1000], train loss:0.0074
epoch [176/1000], test loss:0.0079
epoch [177/1000], train loss:0.0083
epoch [177/1000], test loss:0.0079
epoch [178/1000], train loss:0.0081
epoch [178/1000], test loss:0.0079
epoch [179/1000], train loss:0.0075
epoch [179/1000], test loss:0.0079
epoch [180/1000], train loss:0.0085
epoch [180/1000], test loss:0.0079
epoch [181/1000], train loss:0.0075
epoch [181/1000], test loss:0.0079
epoch [182/1000], train loss:0.0082
epoch [182/1000], test loss:0.0078
epoch [183/1000], train loss:0.0077
epoch [183/1000], test loss:0.0087
epoch [184/1000], train loss:0.0074
epoch [184/1000], test loss:0.0082
epoch [185/1000], train loss:0.0076
epoch [185/1000], test loss:0.0078
epoch [186/1000], train loss:0.0080
epoch [186/1000], test loss:0.0083
epoch [187/1000], train loss:0.0073
epoch [187/1000], test loss:0.0079
epoch [188/1000], train loss:0.0075
epoch [188/1000], test loss:0.0079
epoch [189/1000], train loss:0.0073
epoch [189/1000], test loss:0.0078
epoch [190/1000], train loss:0.0080
epoch [190/1000], test loss:0.0080
epoch [191/1000], train loss:0.0075
epoch [191/1000], test loss:0.0078
epoch [192/1000], train loss:0.0078
epoch [192/1000], test loss:0.0080
epoch [193/1000], train loss:0.0075
epoch [193/1000], test loss:0.0079
epoch [194/1000], train loss:0.0073
epoch [194/1000], test loss:0.0078
epoch [195/1000], train loss:0.0076
epoch [195/1000], test loss:0.0080
epoch [196/1000], train loss:0.0073
epoch [196/1000], test loss:0.0079
epoch [197/1000], train loss:0.0074
epoch [197/1000], test loss:0.0078
epoch [198/1000], train loss:0.0088
epoch [198/1000], test loss:0.0079
epoch [199/1000], train loss:0.0068
epoch [199/1000], test loss:0.0079
epoch [200/1000], train loss:0.0075
epoch [200/1000], test loss:0.0079
epoch [201/1000], train loss:0.0074
epoch [201/1000], test loss:0.0078
epoch [202/1000], train loss:0.0080
epoch [202/1000], test loss:0.0079
epoch [203/1000], train loss:0.0083
epoch [203/1000], test loss:0.0079
epoch [204/1000], train loss:0.0076
epoch [204/1000], test loss:0.0079
epoch [205/1000], train loss:0.0079
epoch [205/1000], test loss:0.0078
epoch [206/1000], train loss:0.0073
epoch [206/1000], test loss:0.0078
epoch [207/1000], train loss:0.0079
epoch [207/1000], test loss:0.0079
epoch [208/1000], train loss:0.0086
epoch [208/1000], test loss:0.0079
epoch [209/1000], train loss:0.0084
epoch [209/1000], test loss:0.0078
epoch [210/1000], train loss:0.0079
epoch [210/1000], test loss:0.0078
epoch [211/1000], train loss:0.0075
epoch [211/1000], test loss:0.0078
epoch [212/1000], train loss:0.0079
epoch [212/1000], test loss:0.0079
epoch [213/1000], train loss:0.0078
epoch [213/1000], test loss:0.0079
epoch [214/1000], train loss:0.0085
epoch [214/1000], test loss:0.0078
epoch [215/1000], train loss:0.0079
epoch [215/1000], test loss:0.0079
epoch [216/1000], train loss:0.0078
epoch [216/1000], test loss:0.0079
epoch [217/1000], train loss:0.0073
epoch [217/1000], test loss:0.0079
epoch [218/1000], train loss:0.0077
epoch [218/1000], test loss:0.0079
epoch [219/1000], train loss:0.0074
epoch [219/1000], test loss:0.0079
epoch [220/1000], train loss:0.0077
epoch [220/1000], test loss:0.0079
epoch [221/1000], train loss:0.0076
epoch [221/1000], test loss:0.0078
epoch [222/1000], train loss:0.0078
epoch [222/1000], test loss:0.0082
epoch [223/1000], train loss:0.0073
epoch [223/1000], test loss:0.0079
epoch [224/1000], train loss:0.0074
epoch [224/1000], test loss:0.0083
epoch [225/1000], train loss:0.0077
epoch [225/1000], test loss:0.0079
epoch [226/1000], train loss:0.0079
epoch [226/1000], test loss:0.0079
epoch [227/1000], train loss:0.0080
epoch [227/1000], test loss:0.0079
epoch [228/1000], train loss:0.0069
epoch [228/1000], test loss:0.0079
epoch [229/1000], train loss:0.0075
epoch [229/1000], test loss:0.0078
epoch [230/1000], train loss:0.0070
epoch [230/1000], test loss:0.0079
epoch [231/1000], train loss:0.0068
epoch [231/1000], test loss:0.0078
epoch [232/1000], train loss:0.0081
epoch [232/1000], test loss:0.0078
epoch [233/1000], train loss:0.0087
epoch [233/1000], test loss:0.0078
epoch [234/1000], train loss:0.0077
epoch [234/1000], test loss:0.0078
epoch [235/1000], train loss:0.0076
epoch [235/1000], test loss:0.0081
epoch [236/1000], train loss:0.0078
epoch [236/1000], test loss:0.0085
epoch [237/1000], train loss:0.0079
epoch [237/1000], test loss:0.0079
epoch [238/1000], train loss:0.0078
epoch [238/1000], test loss:0.0078
epoch [239/1000], train loss:0.0078
epoch [239/1000], test loss:0.0078
epoch [240/1000], train loss:0.0079
epoch [240/1000], test loss:0.0079
epoch [241/1000], train loss:0.0074
epoch [241/1000], test loss:0.0080
epoch [242/1000], train loss:0.0079
epoch [242/1000], test loss:0.0082
epoch [243/1000], train loss:0.0080
epoch [243/1000], test loss:0.0079
epoch [244/1000], train loss:0.0075
epoch [244/1000], test loss:0.0078
epoch [245/1000], train loss:0.0079
epoch [245/1000], test loss:0.0080
epoch [246/1000], train loss:0.0079
epoch [246/1000], test loss:0.0078
epoch [247/1000], train loss:0.0074
epoch [247/1000], test loss:0.0080
epoch [248/1000], train loss:0.0079
epoch [248/1000], test loss:0.0078
epoch [249/1000], train loss:0.0080
epoch [249/1000], test loss:0.0080
epoch [250/1000], train loss:0.0078
epoch [250/1000], test loss:0.0079
epoch [251/1000], train loss:0.0076
epoch [251/1000], test loss:0.0079
epoch [252/1000], train loss:0.0079
epoch [252/1000], test loss:0.0078
epoch [253/1000], train loss:0.0080
epoch [253/1000], test loss:0.0079
epoch [254/1000], train loss:0.0083
epoch [254/1000], test loss:0.0084
epoch [255/1000], train loss:0.0075
epoch [255/1000], test loss:0.0080
epoch [256/1000], train loss:0.0070
epoch [256/1000], test loss:0.0079
epoch [257/1000], train loss:0.0084
epoch [257/1000], test loss:0.0078
epoch [258/1000], train loss:0.0072
epoch [258/1000], test loss:0.0079
epoch [259/1000], train loss:0.0081
epoch [259/1000], test loss:0.0078
epoch [260/1000], train loss:0.0076
epoch [260/1000], test loss:0.0080
epoch [261/1000], train loss:0.0085
epoch [261/1000], test loss:0.0078
epoch [262/1000], train loss:0.0070
epoch [262/1000], test loss:0.0080
epoch [263/1000], train loss:0.0070
epoch [263/1000], test loss:0.0078
epoch [264/1000], train loss:0.0083
epoch [264/1000], test loss:0.0078
epoch [265/1000], train loss:0.0072
epoch [265/1000], test loss:0.0078
epoch [266/1000], train loss:0.0086
epoch [266/1000], test loss:0.0079
epoch [267/1000], train loss:0.0079
epoch [267/1000], test loss:0.0081
epoch [268/1000], train loss:0.0078
epoch [268/1000], test loss:0.0079
epoch [269/1000], train loss:0.0079
epoch [269/1000], test loss:0.0079
epoch [270/1000], train loss:0.0077
epoch [270/1000], test loss:0.0079
epoch [271/1000], train loss:0.0075
epoch [271/1000], test loss:0.0079
epoch [272/1000], train loss:0.0087
epoch [272/1000], test loss:0.0080
epoch [273/1000], train loss:0.0079
epoch [273/1000], test loss:0.0078
epoch [274/1000], train loss:0.0084
epoch [274/1000], test loss:0.0078
epoch [275/1000], train loss:0.0076
epoch [275/1000], test loss:0.0078
epoch [276/1000], train loss:0.0074
epoch [276/1000], test loss:0.0078
epoch [277/1000], train loss:0.0075
epoch [277/1000], test loss:0.0078
epoch [278/1000], train loss:0.0083
epoch [278/1000], test loss:0.0078
epoch [279/1000], train loss:0.0077
epoch [279/1000], test loss:0.0080
epoch [280/1000], train loss:0.0075
epoch [280/1000], test loss:0.0078
epoch [281/1000], train loss:0.0080
epoch [281/1000], test loss:0.0080
epoch [282/1000], train loss:0.0077
epoch [282/1000], test loss:0.0078
epoch [283/1000], train loss:0.0082
epoch [283/1000], test loss:0.0079
epoch [284/1000], train loss:0.0080
epoch [284/1000], test loss:0.0078
epoch [285/1000], train loss:0.0078
epoch [285/1000], test loss:0.0079
epoch [286/1000], train loss:0.0081
epoch [286/1000], test loss:0.0080
epoch [287/1000], train loss:0.0082
epoch [287/1000], test loss:0.0079
epoch [288/1000], train loss:0.0076
epoch [288/1000], test loss:0.0085
epoch [289/1000], train loss:0.0086
epoch [289/1000], test loss:0.0079
epoch [290/1000], train loss:0.0085
epoch [290/1000], test loss:0.0079
epoch [291/1000], train loss:0.0082
epoch [291/1000], test loss:0.0078
epoch [292/1000], train loss:0.0088
epoch [292/1000], test loss:0.0078
epoch [293/1000], train loss:0.0073
epoch [293/1000], test loss:0.0080
epoch [294/1000], train loss:0.0082
epoch [294/1000], test loss:0.0079
epoch [295/1000], train loss:0.0082
epoch [295/1000], test loss:0.0082
epoch [296/1000], train loss:0.0074
epoch [296/1000], test loss:0.0081
epoch [297/1000], train loss:0.0073
epoch [297/1000], test loss:0.0079
epoch [298/1000], train loss:0.0080
epoch [298/1000], test loss:0.0079
epoch [299/1000], train loss:0.0080
epoch [299/1000], test loss:0.0089
epoch [300/1000], train loss:0.0076
epoch [300/1000], test loss:0.0089
epoch [301/1000], train loss:0.0083
epoch [301/1000], test loss:0.0079
epoch [302/1000], train loss:0.0085
epoch [302/1000], test loss:0.0078
epoch [303/1000], train loss:0.0075
epoch [303/1000], test loss:0.0079
epoch [304/1000], train loss:0.0075
epoch [304/1000], test loss:0.0079
epoch [305/1000], train loss:0.0079
epoch [305/1000], test loss:0.0078
epoch [306/1000], train loss:0.0074
epoch [306/1000], test loss:0.0079
epoch [307/1000], train loss:0.0074
epoch [307/1000], test loss:0.0080
epoch [308/1000], train loss:0.0082
epoch [308/1000], test loss:0.0078
epoch [309/1000], train loss:0.0083
epoch [309/1000], test loss:0.0080
epoch [310/1000], train loss:0.0087
epoch [310/1000], test loss:0.0081
epoch [311/1000], train loss:0.0081
epoch [311/1000], test loss:0.0079
epoch [312/1000], train loss:0.0080
epoch [312/1000], test loss:0.0081
epoch [313/1000], train loss:0.0069
epoch [313/1000], test loss:0.0079
epoch [314/1000], train loss:0.0076
epoch [314/1000], test loss:0.0078
epoch [315/1000], train loss:0.0079
epoch [315/1000], test loss:0.0079
epoch [316/1000], train loss:0.0074
epoch [316/1000], test loss:0.0079
epoch [317/1000], train loss:0.0083
epoch [317/1000], test loss:0.0079
epoch [318/1000], train loss:0.0070
epoch [318/1000], test loss:0.0080
epoch [319/1000], train loss:0.0079
epoch [319/1000], test loss:0.0079
epoch [320/1000], train loss:0.0079
epoch [320/1000], test loss:0.0080
epoch [321/1000], train loss:0.0082
epoch [321/1000], test loss:0.0086
epoch [322/1000], train loss:0.0074
epoch [322/1000], test loss:0.0084
epoch [323/1000], train loss:0.0083
epoch [323/1000], test loss:0.0079
epoch [324/1000], train loss:0.0082
epoch [324/1000], test loss:0.0080
epoch [325/1000], train loss:0.0081
epoch [325/1000], test loss:0.0079
epoch [326/1000], train loss:0.0072
epoch [326/1000], test loss:0.0082
epoch [327/1000], train loss:0.0083
epoch [327/1000], test loss:0.0079
epoch [328/1000], train loss:0.0078
epoch [328/1000], test loss:0.0086
epoch [329/1000], train loss:0.0084
epoch [329/1000], test loss:0.0078
epoch [330/1000], train loss:0.0077
epoch [330/1000], test loss:0.0079
epoch [331/1000], train loss:0.0085
epoch [331/1000], test loss:0.0079
epoch [332/1000], train loss:0.0077
epoch [332/1000], test loss:0.0079
epoch [333/1000], train loss:0.0071
epoch [333/1000], test loss:0.0080
epoch [334/1000], train loss:0.0076
epoch [334/1000], test loss:0.0079
epoch [335/1000], train loss:0.0075
epoch [335/1000], test loss:0.0078
epoch [336/1000], train loss:0.0071
epoch [336/1000], test loss:0.0079
epoch [337/1000], train loss:0.0077
epoch [337/1000], test loss:0.0078
epoch [338/1000], train loss:0.0079
epoch [338/1000], test loss:0.0079
epoch [339/1000], train loss:0.0077
epoch [339/1000], test loss:0.0079
epoch [340/1000], train loss:0.0081
epoch [340/1000], test loss:0.0079
epoch [341/1000], train loss:0.0071
epoch [341/1000], test loss:0.0079
epoch [342/1000], train loss:0.0082
epoch [342/1000], test loss:0.0079
epoch [343/1000], train loss:0.0071
epoch [343/1000], test loss:0.0079
epoch [344/1000], train loss:0.0075
epoch [344/1000], test loss:0.0079
epoch [345/1000], train loss:0.0087
epoch [345/1000], test loss:0.0079
epoch [346/1000], train loss:0.0079
epoch [346/1000], test loss:0.0079
epoch [347/1000], train loss:0.0069
epoch [347/1000], test loss:0.0081
epoch [348/1000], train loss:0.0082
epoch [348/1000], test loss:0.0079
epoch [349/1000], train loss:0.0087
epoch [349/1000], test loss:0.0079
epoch [350/1000], train loss:0.0074
epoch [350/1000], test loss:0.0082
epoch [351/1000], train loss:0.0078
epoch [351/1000], test loss:0.0078
epoch [352/1000], train loss:0.0077
epoch [352/1000], test loss:0.0078
epoch [353/1000], train loss:0.0079
epoch [353/1000], test loss:0.0078
epoch [354/1000], train loss:0.0084
epoch [354/1000], test loss:0.0079
epoch [355/1000], train loss:0.0078
epoch [355/1000], test loss:0.0081
epoch [356/1000], train loss:0.0076
epoch [356/1000], test loss:0.0079
epoch [357/1000], train loss:0.0078
epoch [357/1000], test loss:0.0079
epoch [358/1000], train loss:0.0076
epoch [358/1000], test loss:0.0087
epoch [359/1000], train loss:0.0078
epoch [359/1000], test loss:0.0079
epoch [360/1000], train loss:0.0088
epoch [360/1000], test loss:0.0079
epoch [361/1000], train loss:0.0079
epoch [361/1000], test loss:0.0078
epoch [362/1000], train loss:0.0071
epoch [362/1000], test loss:0.0079
epoch [363/1000], train loss:0.0080
epoch [363/1000], test loss:0.0078
epoch [364/1000], train loss:0.0077
epoch [364/1000], test loss:0.0078
epoch [365/1000], train loss:0.0077
epoch [365/1000], test loss:0.0078
epoch [366/1000], train loss:0.0082
epoch [366/1000], test loss:0.0079
epoch [367/1000], train loss:0.0082
epoch [367/1000], test loss:0.0079
epoch [368/1000], train loss:0.0073
epoch [368/1000], test loss:0.0080
epoch [369/1000], train loss:0.0077
epoch [369/1000], test loss:0.0078
epoch [370/1000], train loss:0.0079
epoch [370/1000], test loss:0.0084
epoch [371/1000], train loss:0.0080
epoch [371/1000], test loss:0.0079
epoch [372/1000], train loss:0.0075
epoch [372/1000], test loss:0.0078
epoch [373/1000], train loss:0.0067
epoch [373/1000], test loss:0.0081
epoch [374/1000], train loss:0.0082
epoch [374/1000], test loss:0.0079
epoch [375/1000], train loss:0.0074
epoch [375/1000], test loss:0.0082
epoch [376/1000], train loss:0.0074
epoch [376/1000], test loss:0.0078
epoch [377/1000], train loss:0.0079
epoch [377/1000], test loss:0.0080
epoch [378/1000], train loss:0.0073
epoch [378/1000], test loss:0.0079
epoch [379/1000], train loss:0.0082
epoch [379/1000], test loss:0.0081
epoch [380/1000], train loss:0.0077
epoch [380/1000], test loss:0.0079
epoch [381/1000], train loss:0.0080
epoch [381/1000], test loss:0.0079
epoch [382/1000], train loss:0.0081
epoch [382/1000], test loss:0.0078
epoch [383/1000], train loss:0.0077
epoch [383/1000], test loss:0.0080
epoch [384/1000], train loss:0.0077
epoch [384/1000], test loss:0.0081
epoch [385/1000], train loss:0.0074
epoch [385/1000], test loss:0.0083
epoch [386/1000], train loss:0.0074
epoch [386/1000], test loss:0.0078
epoch [387/1000], train loss:0.0082
epoch [387/1000], test loss:0.0084
epoch [388/1000], train loss:0.0081
epoch [388/1000], test loss:0.0078
epoch [389/1000], train loss:0.0076
epoch [389/1000], test loss:0.0079
epoch [390/1000], train loss:0.0075
epoch [390/1000], test loss:0.0084
epoch [391/1000], train loss:0.0084
epoch [391/1000], test loss:0.0078
epoch [392/1000], train loss:0.0080
epoch [392/1000], test loss:0.0078
epoch [393/1000], train loss:0.0082
epoch [393/1000], test loss:0.0078
epoch [394/1000], train loss:0.0079
epoch [394/1000], test loss:0.0078
epoch [395/1000], train loss:0.0074
epoch [395/1000], test loss:0.0080
epoch [396/1000], train loss:0.0074
epoch [396/1000], test loss:0.0080
epoch [397/1000], train loss:0.0082
epoch [397/1000], test loss:0.0079
epoch [398/1000], train loss:0.0079
epoch [398/1000], test loss:0.0079
epoch [399/1000], train loss:0.0078
epoch [399/1000], test loss:0.0080
epoch [400/1000], train loss:0.0083
epoch [400/1000], test loss:0.0079
epoch [401/1000], train loss:0.0084
epoch [401/1000], test loss:0.0080
epoch [402/1000], train loss:0.0069
epoch [402/1000], test loss:0.0078
epoch [403/1000], train loss:0.0076
epoch [403/1000], test loss:0.0079
epoch [404/1000], train loss:0.0076
epoch [404/1000], test loss:0.0078
epoch [405/1000], train loss:0.0081
epoch [405/1000], test loss:0.0096
epoch [406/1000], train loss:0.0071
epoch [406/1000], test loss:0.0080
epoch [407/1000], train loss:0.0077
epoch [407/1000], test loss:0.0078
epoch [408/1000], train loss:0.0079
epoch [408/1000], test loss:0.0079
epoch [409/1000], train loss:0.0079
epoch [409/1000], test loss:0.0079
epoch [410/1000], train loss:0.0081
epoch [410/1000], test loss:0.0079
epoch [411/1000], train loss:0.0078
epoch [411/1000], test loss:0.0081
epoch [412/1000], train loss:0.0079
epoch [412/1000], test loss:0.0079
epoch [413/1000], train loss:0.0081
epoch [413/1000], test loss:0.0079
epoch [414/1000], train loss:0.0078
epoch [414/1000], test loss:0.0078
epoch [415/1000], train loss:0.0076
epoch [415/1000], test loss:0.0080
epoch [416/1000], train loss:0.0083
epoch [416/1000], test loss:0.0079
epoch [417/1000], train loss:0.0084
epoch [417/1000], test loss:0.0078
epoch [418/1000], train loss:0.0073
epoch [418/1000], test loss:0.0079
epoch [419/1000], train loss:0.0078
epoch [419/1000], test loss:0.0078
epoch [420/1000], train loss:0.0083
epoch [420/1000], test loss:0.0078
epoch [421/1000], train loss:0.0075
epoch [421/1000], test loss:0.0078
epoch [422/1000], train loss:0.0078
epoch [422/1000], test loss:0.0079
epoch [423/1000], train loss:0.0080
epoch [423/1000], test loss:0.0084
epoch [424/1000], train loss:0.0080
epoch [424/1000], test loss:0.0080
epoch [425/1000], train loss:0.0080
epoch [425/1000], test loss:0.0079
epoch [426/1000], train loss:0.0079
epoch [426/1000], test loss:0.0081
epoch [427/1000], train loss:0.0074
epoch [427/1000], test loss:0.0078
epoch [428/1000], train loss:0.0075
epoch [428/1000], test loss:0.0079
epoch [429/1000], train loss:0.0078
epoch [429/1000], test loss:0.0079
epoch [430/1000], train loss:0.0077
epoch [430/1000], test loss:0.0079
epoch [431/1000], train loss:0.0077
epoch [431/1000], test loss:0.0086
epoch [432/1000], train loss:0.0072
epoch [432/1000], test loss:0.0078
epoch [433/1000], train loss:0.0072
epoch [433/1000], test loss:0.0079
epoch [434/1000], train loss:0.0083
epoch [434/1000], test loss:0.0078
epoch [435/1000], train loss:0.0080
epoch [435/1000], test loss:0.0078
epoch [436/1000], train loss:0.0078
epoch [436/1000], test loss:0.0078
epoch [437/1000], train loss:0.0070
epoch [437/1000], test loss:0.0081
epoch [438/1000], train loss:0.0077
epoch [438/1000], test loss:0.0082
epoch [439/1000], train loss:0.0084
epoch [439/1000], test loss:0.0078
epoch [440/1000], train loss:0.0072
epoch [440/1000], test loss:0.0078
epoch [441/1000], train loss:0.0079
epoch [441/1000], test loss:0.0078
epoch [442/1000], train loss:0.0068
epoch [442/1000], test loss:0.0084
epoch [443/1000], train loss:0.0073
epoch [443/1000], test loss:0.0079
epoch [444/1000], train loss:0.0082
epoch [444/1000], test loss:0.0080
epoch [445/1000], train loss:0.0086
epoch [445/1000], test loss:0.0078
epoch [446/1000], train loss:0.0074
epoch [446/1000], test loss:0.0079
epoch [447/1000], train loss:0.0072
epoch [447/1000], test loss:0.0079
epoch [448/1000], train loss:0.0069
epoch [448/1000], test loss:0.0079
epoch [449/1000], train loss:0.0070
epoch [449/1000], test loss:0.0078
epoch [450/1000], train loss:0.0077
epoch [450/1000], test loss:0.0080
epoch [451/1000], train loss:0.0084
epoch [451/1000], test loss:0.0079
epoch [452/1000], train loss:0.0073
epoch [452/1000], test loss:0.0079
epoch [453/1000], train loss:0.0079
epoch [453/1000], test loss:0.0079
epoch [454/1000], train loss:0.0086
epoch [454/1000], test loss:0.0079
epoch [455/1000], train loss:0.0075
epoch [455/1000], test loss:0.0079
epoch [456/1000], train loss:0.0076
epoch [456/1000], test loss:0.0078
epoch [457/1000], train loss:0.0069
epoch [457/1000], test loss:0.0078
epoch [458/1000], train loss:0.0080
epoch [458/1000], test loss:0.0080
epoch [459/1000], train loss:0.0078
epoch [459/1000], test loss:0.0079
epoch [460/1000], train loss:0.0082
epoch [460/1000], test loss:0.0078
epoch [461/1000], train loss:0.0079
epoch [461/1000], test loss:0.0095
epoch [462/1000], train loss:0.0078
epoch [462/1000], test loss:0.0079
epoch [463/1000], train loss:0.0074
epoch [463/1000], test loss:0.0079
epoch [464/1000], train loss:0.0082
epoch [464/1000], test loss:0.0081
epoch [465/1000], train loss:0.0077
epoch [465/1000], test loss:0.0078
epoch [466/1000], train loss:0.0086
epoch [466/1000], test loss:0.0080
epoch [467/1000], train loss:0.0074
epoch [467/1000], test loss:0.0079
epoch [468/1000], train loss:0.0080
epoch [468/1000], test loss:0.0079
epoch [469/1000], train loss:0.0077
epoch [469/1000], test loss:0.0084
epoch [470/1000], train loss:0.0071
epoch [470/1000], test loss:0.0080
epoch [471/1000], train loss:0.0083
epoch [471/1000], test loss:0.0078
epoch [472/1000], train loss:0.0069
epoch [472/1000], test loss:0.0078
epoch [473/1000], train loss:0.0079
epoch [473/1000], test loss:0.0078
epoch [474/1000], train loss:0.0080
epoch [474/1000], test loss:0.0079
epoch [475/1000], train loss:0.0084
epoch [475/1000], test loss:0.0079
epoch [476/1000], train loss:0.0069
epoch [476/1000], test loss:0.0086
epoch [477/1000], train loss:0.0082
epoch [477/1000], test loss:0.0079
epoch [478/1000], train loss:0.0070
epoch [478/1000], test loss:0.0079
epoch [479/1000], train loss:0.0076
epoch [479/1000], test loss:0.0078
epoch [480/1000], train loss:0.0077
epoch [480/1000], test loss:0.0079
epoch [481/1000], train loss:0.0080
epoch [481/1000], test loss:0.0079
epoch [482/1000], train loss:0.0080
epoch [482/1000], test loss:0.0078
epoch [483/1000], train loss:0.0080
epoch [483/1000], test loss:0.0078
epoch [484/1000], train loss:0.0072
epoch [484/1000], test loss:0.0078
epoch [485/1000], train loss:0.0079
epoch [485/1000], test loss:0.0078
epoch [486/1000], train loss:0.0075
epoch [486/1000], test loss:0.0079
epoch [487/1000], train loss:0.0081
epoch [487/1000], test loss:0.0079
epoch [488/1000], train loss:0.0084
epoch [488/1000], test loss:0.0078
epoch [489/1000], train loss:0.0073
epoch [489/1000], test loss:0.0079
epoch [490/1000], train loss:0.0075
epoch [490/1000], test loss:0.0078
epoch [491/1000], train loss:0.0074
epoch [491/1000], test loss:0.0079
epoch [492/1000], train loss:0.0083
epoch [492/1000], test loss:0.0079
epoch [493/1000], train loss:0.0080
epoch [493/1000], test loss:0.0079
epoch [494/1000], train loss:0.0082
epoch [494/1000], test loss:0.0079
epoch [495/1000], train loss:0.0079
epoch [495/1000], test loss:0.0079
epoch [496/1000], train loss:0.0087
epoch [496/1000], test loss:0.0087
epoch [497/1000], train loss:0.0084
epoch [497/1000], test loss:0.0080
epoch [498/1000], train loss:0.0077
epoch [498/1000], test loss:0.0079
epoch [499/1000], train loss:0.0076
epoch [499/1000], test loss:0.0079
epoch [500/1000], train loss:0.0074
epoch [500/1000], test loss:0.0079
epoch [501/1000], train loss:0.0083
epoch [501/1000], test loss:0.0079
epoch [502/1000], train loss:0.0083
epoch [502/1000], test loss:0.0082
epoch [503/1000], train loss:0.0068
epoch [503/1000], test loss:0.0079
epoch [504/1000], train loss:0.0082
epoch [504/1000], test loss:0.0079
epoch [505/1000], train loss:0.0074
epoch [505/1000], test loss:0.0079
epoch [506/1000], train loss:0.0075
epoch [506/1000], test loss:0.0079
epoch [507/1000], train loss:0.0075
epoch [507/1000], test loss:0.0078
epoch [508/1000], train loss:0.0072
epoch [508/1000], test loss:0.0079
epoch [509/1000], train loss:0.0080
epoch [509/1000], test loss:0.0079
epoch [510/1000], train loss:0.0082
epoch [510/1000], test loss:0.0078
epoch [511/1000], train loss:0.0081
epoch [511/1000], test loss:0.0078
epoch [512/1000], train loss:0.0079
epoch [512/1000], test loss:0.0078
epoch [513/1000], train loss:0.0076
epoch [513/1000], test loss:0.0081
epoch [514/1000], train loss:0.0081
epoch [514/1000], test loss:0.0084
epoch [515/1000], train loss:0.0080
epoch [515/1000], test loss:0.0078
epoch [516/1000], train loss:0.0080
epoch [516/1000], test loss:0.0079
epoch [517/1000], train loss:0.0077
epoch [517/1000], test loss:0.0078
epoch [518/1000], train loss:0.0079
epoch [518/1000], test loss:0.0078
epoch [519/1000], train loss:0.0075
epoch [519/1000], test loss:0.0079
epoch [520/1000], train loss:0.0084
epoch [520/1000], test loss:0.0079
epoch [521/1000], train loss:0.0079
epoch [521/1000], test loss:0.0079
epoch [522/1000], train loss:0.0081
epoch [522/1000], test loss:0.0080
epoch [523/1000], train loss:0.0076
epoch [523/1000], test loss:0.0078
epoch [524/1000], train loss:0.0072
epoch [524/1000], test loss:0.0080
epoch [525/1000], train loss:0.0071
epoch [525/1000], test loss:0.0078
epoch [526/1000], train loss:0.0079
epoch [526/1000], test loss:0.0079
epoch [527/1000], train loss:0.0084
epoch [527/1000], test loss:0.0083
epoch [528/1000], train loss:0.0080
epoch [528/1000], test loss:0.0079
epoch [529/1000], train loss:0.0084
epoch [529/1000], test loss:0.0079
epoch [530/1000], train loss:0.0075
epoch [530/1000], test loss:0.0080
epoch [531/1000], train loss:0.0073
epoch [531/1000], test loss:0.0079
epoch [532/1000], train loss:0.0079
epoch [532/1000], test loss:0.0079
epoch [533/1000], train loss:0.0081
epoch [533/1000], test loss:0.0078
epoch [534/1000], train loss:0.0081
epoch [534/1000], test loss:0.0088
epoch [535/1000], train loss:0.0077
epoch [535/1000], test loss:0.0079
epoch [536/1000], train loss:0.0083
epoch [536/1000], test loss:0.0078
epoch [537/1000], train loss:0.0077
epoch [537/1000], test loss:0.0078
epoch [538/1000], train loss:0.0076
epoch [538/1000], test loss:0.0078
epoch [539/1000], train loss:0.0076
epoch [539/1000], test loss:0.0079
epoch [540/1000], train loss:0.0077
epoch [540/1000], test loss:0.0079
epoch [541/1000], train loss:0.0081
epoch [541/1000], test loss:0.0079
epoch [542/1000], train loss:0.0082
epoch [542/1000], test loss:0.0080
epoch [543/1000], train loss:0.0088
epoch [543/1000], test loss:0.0079
epoch [544/1000], train loss:0.0081
epoch [544/1000], test loss:0.0078
epoch [545/1000], train loss:0.0074
epoch [545/1000], test loss:0.0079
epoch [546/1000], train loss:0.0076
epoch [546/1000], test loss:0.0078
epoch [547/1000], train loss:0.0078
epoch [547/1000], test loss:0.0078
epoch [548/1000], train loss:0.0080
epoch [548/1000], test loss:0.0079
epoch [549/1000], train loss:0.0080
epoch [549/1000], test loss:0.0079
epoch [550/1000], train loss:0.0082
epoch [550/1000], test loss:0.0078
epoch [551/1000], train loss:0.0075
epoch [551/1000], test loss:0.0078
epoch [552/1000], train loss:0.0083
epoch [552/1000], test loss:0.0079
epoch [553/1000], train loss:0.0072
epoch [553/1000], test loss:0.0079
epoch [554/1000], train loss:0.0074
epoch [554/1000], test loss:0.0079
epoch [555/1000], train loss:0.0079
epoch [555/1000], test loss:0.0080
epoch [556/1000], train loss:0.0074
epoch [556/1000], test loss:0.0079
epoch [557/1000], train loss:0.0084
epoch [557/1000], test loss:0.0078
epoch [558/1000], train loss:0.0092
epoch [558/1000], test loss:0.0078
epoch [559/1000], train loss:0.0076
epoch [559/1000], test loss:0.0078
epoch [560/1000], train loss:0.0069
epoch [560/1000], test loss:0.0078
epoch [561/1000], train loss:0.0082
epoch [561/1000], test loss:0.0078
epoch [562/1000], train loss:0.0075
epoch [562/1000], test loss:0.0078
epoch [563/1000], train loss:0.0075
epoch [563/1000], test loss:0.0079
epoch [564/1000], train loss:0.0079
epoch [564/1000], test loss:0.0080
epoch [565/1000], train loss:0.0085
epoch [565/1000], test loss:0.0079
epoch [566/1000], train loss:0.0077
epoch [566/1000], test loss:0.0080
epoch [567/1000], train loss:0.0081
epoch [567/1000], test loss:0.0093
epoch [568/1000], train loss:0.0073
epoch [568/1000], test loss:0.0079
epoch [569/1000], train loss:0.0071
epoch [569/1000], test loss:0.0079
epoch [570/1000], train loss:0.0081
epoch [570/1000], test loss:0.0079
epoch [571/1000], train loss:0.0075
epoch [571/1000], test loss:0.0079
epoch [572/1000], train loss:0.0079
epoch [572/1000], test loss:0.0079
epoch [573/1000], train loss:0.0074
epoch [573/1000], test loss:0.0078
epoch [574/1000], train loss:0.0079
epoch [574/1000], test loss:0.0079
epoch [575/1000], train loss:0.0076
epoch [575/1000], test loss:0.0079
epoch [576/1000], train loss:0.0080
epoch [576/1000], test loss:0.0079
epoch [577/1000], train loss:0.0078
epoch [577/1000], test loss:0.0084
epoch [578/1000], train loss:0.0077
epoch [578/1000], test loss:0.0079
epoch [579/1000], train loss:0.0079
epoch [579/1000], test loss:0.0079
epoch [580/1000], train loss:0.0072
epoch [580/1000], test loss:0.0079
epoch [581/1000], train loss:0.0082
epoch [581/1000], test loss:0.0078
epoch [582/1000], train loss:0.0070
epoch [582/1000], test loss:0.0079
epoch [583/1000], train loss:0.0074
epoch [583/1000], test loss:0.0079
epoch [584/1000], train loss:0.0079
epoch [584/1000], test loss:0.0080
epoch [585/1000], train loss:0.0073
epoch [585/1000], test loss:0.0079
epoch [586/1000], train loss:0.0074
epoch [586/1000], test loss:0.0079
epoch [587/1000], train loss:0.0073
epoch [587/1000], test loss:0.0078
epoch [588/1000], train loss:0.0076
epoch [588/1000], test loss:0.0087
epoch [589/1000], train loss:0.0079
epoch [589/1000], test loss:0.0082
epoch [590/1000], train loss:0.0086
epoch [590/1000], test loss:0.0079
epoch [591/1000], train loss:0.0077
epoch [591/1000], test loss:0.0078
epoch [592/1000], train loss:0.0074
epoch [592/1000], test loss:0.0079
epoch [593/1000], train loss:0.0070
epoch [593/1000], test loss:0.0078
epoch [594/1000], train loss:0.0066
epoch [594/1000], test loss:0.0079
epoch [595/1000], train loss:0.0079
epoch [595/1000], test loss:0.0080
epoch [596/1000], train loss:0.0085
epoch [596/1000], test loss:0.0078
epoch [597/1000], train loss:0.0077
epoch [597/1000], test loss:0.0079
epoch [598/1000], train loss:0.0081
epoch [598/1000], test loss:0.0079
epoch [599/1000], train loss:0.0075
epoch [599/1000], test loss:0.0081
epoch [600/1000], train loss:0.0080
epoch [600/1000], test loss:0.0079
epoch [601/1000], train loss:0.0074
epoch [601/1000], test loss:0.0079
epoch [602/1000], train loss:0.0082
epoch [602/1000], test loss:0.0086
epoch [603/1000], train loss:0.0074
epoch [603/1000], test loss:0.0079
epoch [604/1000], train loss:0.0084
epoch [604/1000], test loss:0.0079
epoch [605/1000], train loss:0.0083
epoch [605/1000], test loss:0.0079
epoch [606/1000], train loss:0.0081
epoch [606/1000], test loss:0.0078
epoch [607/1000], train loss:0.0076
epoch [607/1000], test loss:0.0081
epoch [608/1000], train loss:0.0070
epoch [608/1000], test loss:0.0078
epoch [609/1000], train loss:0.0083
epoch [609/1000], test loss:0.0079
epoch [610/1000], train loss:0.0074
epoch [610/1000], test loss:0.0083
epoch [611/1000], train loss:0.0078
epoch [611/1000], test loss:0.0085
epoch [612/1000], train loss:0.0074
epoch [612/1000], test loss:0.0079
epoch [613/1000], train loss:0.0078
epoch [613/1000], test loss:0.0079
epoch [614/1000], train loss:0.0082
epoch [614/1000], test loss:0.0080
epoch [615/1000], train loss:0.0070
epoch [615/1000], test loss:0.0078
epoch [616/1000], train loss:0.0076
epoch [616/1000], test loss:0.0079
epoch [617/1000], train loss:0.0075
epoch [617/1000], test loss:0.0079
epoch [618/1000], train loss:0.0078
epoch [618/1000], test loss:0.0080
epoch [619/1000], train loss:0.0081
epoch [619/1000], test loss:0.0079
epoch [620/1000], train loss:0.0078
epoch [620/1000], test loss:0.0081
epoch [621/1000], train loss:0.0072
epoch [621/1000], test loss:0.0079
epoch [622/1000], train loss:0.0081
epoch [622/1000], test loss:0.0079
epoch [623/1000], train loss:0.0080
epoch [623/1000], test loss:0.0080
epoch [624/1000], train loss:0.0080
epoch [624/1000], test loss:0.0080
epoch [625/1000], train loss:0.0080
epoch [625/1000], test loss:0.0082
epoch [626/1000], train loss:0.0077
epoch [626/1000], test loss:0.0078
epoch [627/1000], train loss:0.0076
epoch [627/1000], test loss:0.0079
epoch [628/1000], train loss:0.0075
epoch [628/1000], test loss:0.0079
epoch [629/1000], train loss:0.0081
epoch [629/1000], test loss:0.0079
epoch [630/1000], train loss:0.0076
epoch [630/1000], test loss:0.0078
epoch [631/1000], train loss:0.0076
epoch [631/1000], test loss:0.0079
epoch [632/1000], train loss:0.0075
epoch [632/1000], test loss:0.0081
epoch [633/1000], train loss:0.0079
epoch [633/1000], test loss:0.0079
epoch [634/1000], train loss:0.0079
epoch [634/1000], test loss:0.0085
epoch [635/1000], train loss:0.0070
epoch [635/1000], test loss:0.0081
epoch [636/1000], train loss:0.0079
epoch [636/1000], test loss:0.0078
epoch [637/1000], train loss:0.0085
epoch [637/1000], test loss:0.0079
epoch [638/1000], train loss:0.0080
epoch [638/1000], test loss:0.0078
epoch [639/1000], train loss:0.0074
epoch [639/1000], test loss:0.0080
epoch [640/1000], train loss:0.0078
epoch [640/1000], test loss:0.0079
epoch [641/1000], train loss:0.0078
epoch [641/1000], test loss:0.0078
epoch [642/1000], train loss:0.0086
epoch [642/1000], test loss:0.0079
epoch [643/1000], train loss:0.0079
epoch [643/1000], test loss:0.0078
epoch [644/1000], train loss:0.0082
epoch [644/1000], test loss:0.0091
epoch [645/1000], train loss:0.0077
epoch [645/1000], test loss:0.0081
epoch [646/1000], train loss:0.0075
epoch [646/1000], test loss:0.0079
epoch [647/1000], train loss:0.0081
epoch [647/1000], test loss:0.0078
epoch [648/1000], train loss:0.0072
epoch [648/1000], test loss:0.0080
epoch [649/1000], train loss:0.0081
epoch [649/1000], test loss:0.0078
epoch [650/1000], train loss:0.0077
epoch [650/1000], test loss:0.0078
epoch [651/1000], train loss:0.0071
epoch [651/1000], test loss:0.0079
epoch [652/1000], train loss:0.0075
epoch [652/1000], test loss:0.0079
epoch [653/1000], train loss:0.0075
epoch [653/1000], test loss:0.0078
epoch [654/1000], train loss:0.0073
epoch [654/1000], test loss:0.0086
epoch [655/1000], train loss:0.0079
epoch [655/1000], test loss:0.0079
epoch [656/1000], train loss:0.0075
epoch [656/1000], test loss:0.0079
epoch [657/1000], train loss:0.0078
epoch [657/1000], test loss:0.0079
epoch [658/1000], train loss:0.0074
epoch [658/1000], test loss:0.0078
epoch [659/1000], train loss:0.0072
epoch [659/1000], test loss:0.0081
epoch [660/1000], train loss:0.0078
epoch [660/1000], test loss:0.0079
epoch [661/1000], train loss:0.0081
epoch [661/1000], test loss:0.0080
epoch [662/1000], train loss:0.0076
epoch [662/1000], test loss:0.0079
epoch [663/1000], train loss:0.0078
epoch [663/1000], test loss:0.0079
epoch [664/1000], train loss:0.0084
epoch [664/1000], test loss:0.0079
epoch [665/1000], train loss:0.0069
epoch [665/1000], test loss:0.0080
epoch [666/1000], train loss:0.0077
epoch [666/1000], test loss:0.0079
epoch [667/1000], train loss:0.0081
epoch [667/1000], test loss:0.0079
epoch [668/1000], train loss:0.0078
epoch [668/1000], test loss:0.0078
epoch [669/1000], train loss:0.0083
epoch [669/1000], test loss:0.0079
epoch [670/1000], train loss:0.0070
epoch [670/1000], test loss:0.0078
epoch [671/1000], train loss:0.0075
epoch [671/1000], test loss:0.0084
epoch [672/1000], train loss:0.0075
epoch [672/1000], test loss:0.0078
epoch [673/1000], train loss:0.0081
epoch [673/1000], test loss:0.0079
epoch [674/1000], train loss:0.0076
epoch [674/1000], test loss:0.0079
epoch [675/1000], train loss:0.0081
epoch [675/1000], test loss:0.0079
epoch [676/1000], train loss:0.0078
epoch [676/1000], test loss:0.0079
epoch [677/1000], train loss:0.0078
epoch [677/1000], test loss:0.0078
epoch [678/1000], train loss:0.0076
epoch [678/1000], test loss:0.0080
epoch [679/1000], train loss:0.0085
epoch [679/1000], test loss:0.0079
epoch [680/1000], train loss:0.0083
epoch [680/1000], test loss:0.0080
epoch [681/1000], train loss:0.0079
epoch [681/1000], test loss:0.0082
epoch [682/1000], train loss:0.0079
epoch [682/1000], test loss:0.0078
epoch [683/1000], train loss:0.0074
epoch [683/1000], test loss:0.0078
epoch [684/1000], train loss:0.0081
epoch [684/1000], test loss:0.0078
epoch [685/1000], train loss:0.0071
epoch [685/1000], test loss:0.0080
epoch [686/1000], train loss:0.0079
epoch [686/1000], test loss:0.0078
epoch [687/1000], train loss:0.0077
epoch [687/1000], test loss:0.0091
epoch [688/1000], train loss:0.0087
epoch [688/1000], test loss:0.0085
epoch [689/1000], train loss:0.0076
epoch [689/1000], test loss:0.0085
epoch [690/1000], train loss:0.0076
epoch [690/1000], test loss:0.0080
epoch [691/1000], train loss:0.0079
epoch [691/1000], test loss:0.0080
epoch [692/1000], train loss:0.0081
epoch [692/1000], test loss:0.0078
epoch [693/1000], train loss:0.0076
epoch [693/1000], test loss:0.0079
epoch [694/1000], train loss:0.0083
epoch [694/1000], test loss:0.0080
epoch [695/1000], train loss:0.0069
epoch [695/1000], test loss:0.0078
epoch [696/1000], train loss:0.0075
epoch [696/1000], test loss:0.0079
epoch [697/1000], train loss:0.0082
epoch [697/1000], test loss:0.0089
epoch [698/1000], train loss:0.0079
epoch [698/1000], test loss:0.0080
epoch [699/1000], train loss:0.0076
epoch [699/1000], test loss:0.0079
epoch [700/1000], train loss:0.0079
epoch [700/1000], test loss:0.0081
epoch [701/1000], train loss:0.0071
epoch [701/1000], test loss:0.0079
epoch [702/1000], train loss:0.0071
epoch [702/1000], test loss:0.0081
epoch [703/1000], train loss:0.0080
epoch [703/1000], test loss:0.0080
epoch [704/1000], train loss:0.0077
epoch [704/1000], test loss:0.0079
epoch [705/1000], train loss:0.0078
epoch [705/1000], test loss:0.0079
epoch [706/1000], train loss:0.0080
epoch [706/1000], test loss:0.0081
epoch [707/1000], train loss:0.0075
epoch [707/1000], test loss:0.0078
epoch [708/1000], train loss:0.0078
epoch [708/1000], test loss:0.0079
epoch [709/1000], train loss:0.0078
epoch [709/1000], test loss:0.0078
epoch [710/1000], train loss:0.0081
epoch [710/1000], test loss:0.0079
epoch [711/1000], train loss:0.0078
epoch [711/1000], test loss:0.0080
epoch [712/1000], train loss:0.0081
epoch [712/1000], test loss:0.0079
epoch [713/1000], train loss:0.0079
epoch [713/1000], test loss:0.0088
epoch [714/1000], train loss:0.0080
epoch [714/1000], test loss:0.0081
epoch [715/1000], train loss:0.0077
epoch [715/1000], test loss:0.0079
epoch [716/1000], train loss:0.0074
epoch [716/1000], test loss:0.0080
epoch [717/1000], train loss:0.0075
epoch [717/1000], test loss:0.0081
epoch [718/1000], train loss:0.0076
epoch [718/1000], test loss:0.0079
epoch [719/1000], train loss:0.0074
epoch [719/1000], test loss:0.0080
epoch [720/1000], train loss:0.0078
epoch [720/1000], test loss:0.0078
epoch [721/1000], train loss:0.0081
epoch [721/1000], test loss:0.0079
epoch [722/1000], train loss:0.0078
epoch [722/1000], test loss:0.0078
epoch [723/1000], train loss:0.0068
epoch [723/1000], test loss:0.0078
epoch [724/1000], train loss:0.0083
epoch [724/1000], test loss:0.0079
epoch [725/1000], train loss:0.0077
epoch [725/1000], test loss:0.0079
epoch [726/1000], train loss:0.0081
epoch [726/1000], test loss:0.0078
epoch [727/1000], train loss:0.0087
epoch [727/1000], test loss:0.0078
epoch [728/1000], train loss:0.0079
epoch [728/1000], test loss:0.0078
epoch [729/1000], train loss:0.0082
epoch [729/1000], test loss:0.0080
epoch [730/1000], train loss:0.0082
epoch [730/1000], test loss:0.0078
epoch [731/1000], train loss:0.0081
epoch [731/1000], test loss:0.0079
epoch [732/1000], train loss:0.0077
epoch [732/1000], test loss:0.0086
epoch [733/1000], train loss:0.0074
epoch [733/1000], test loss:0.0079
epoch [734/1000], train loss:0.0085
epoch [734/1000], test loss:0.0084
epoch [735/1000], train loss:0.0083
epoch [735/1000], test loss:0.0079
epoch [736/1000], train loss:0.0084
epoch [736/1000], test loss:0.0079
epoch [737/1000], train loss:0.0082
epoch [737/1000], test loss:0.0079
epoch [738/1000], train loss:0.0084
epoch [738/1000], test loss:0.0079
epoch [739/1000], train loss:0.0076
epoch [739/1000], test loss:0.0079
epoch [740/1000], train loss:0.0078
epoch [740/1000], test loss:0.0079
epoch [741/1000], train loss:0.0082
epoch [741/1000], test loss:0.0078
epoch [742/1000], train loss:0.0081
epoch [742/1000], test loss:0.0078
epoch [743/1000], train loss:0.0077
epoch [743/1000], test loss:0.0078
epoch [744/1000], train loss:0.0073
epoch [744/1000], test loss:0.0078
epoch [745/1000], train loss:0.0085
epoch [745/1000], test loss:0.0078
epoch [746/1000], train loss:0.0078
epoch [746/1000], test loss:0.0078
epoch [747/1000], train loss:0.0070
epoch [747/1000], test loss:0.0079
epoch [748/1000], train loss:0.0077
epoch [748/1000], test loss:0.0079
epoch [749/1000], train loss:0.0078
epoch [749/1000], test loss:0.0078
epoch [750/1000], train loss:0.0071
epoch [750/1000], test loss:0.0078
epoch [751/1000], train loss:0.0083
epoch [751/1000], test loss:0.0078
epoch [752/1000], train loss:0.0072
epoch [752/1000], test loss:0.0079
epoch [753/1000], train loss:0.0073
epoch [753/1000], test loss:0.0079
epoch [754/1000], train loss:0.0082
epoch [754/1000], test loss:0.0079
epoch [755/1000], train loss:0.0077
epoch [755/1000], test loss:0.0078
epoch [756/1000], train loss:0.0071
epoch [756/1000], test loss:0.0080
epoch [757/1000], train loss:0.0083
epoch [757/1000], test loss:0.0078
epoch [758/1000], train loss:0.0077
epoch [758/1000], test loss:0.0079
epoch [759/1000], train loss:0.0078
epoch [759/1000], test loss:0.0080
epoch [760/1000], train loss:0.0083
epoch [760/1000], test loss:0.0082
epoch [761/1000], train loss:0.0083
epoch [761/1000], test loss:0.0079
epoch [762/1000], train loss:0.0072
epoch [762/1000], test loss:0.0080
epoch [763/1000], train loss:0.0074
epoch [763/1000], test loss:0.0079
epoch [764/1000], train loss:0.0081
epoch [764/1000], test loss:0.0079
epoch [765/1000], train loss:0.0080
epoch [765/1000], test loss:0.0079
epoch [766/1000], train loss:0.0074
epoch [766/1000], test loss:0.0107
epoch [767/1000], train loss:0.0074
epoch [767/1000], test loss:0.0080
epoch [768/1000], train loss:0.0071
epoch [768/1000], test loss:0.0082
epoch [769/1000], train loss:0.0077
epoch [769/1000], test loss:0.0079
epoch [770/1000], train loss:0.0077
epoch [770/1000], test loss:0.0079
epoch [771/1000], train loss:0.0080
epoch [771/1000], test loss:0.0078
epoch [772/1000], train loss:0.0075
epoch [772/1000], test loss:0.0079
epoch [773/1000], train loss:0.0084
epoch [773/1000], test loss:0.0078
epoch [774/1000], train loss:0.0080
epoch [774/1000], test loss:0.0080
epoch [775/1000], train loss:0.0079
epoch [775/1000], test loss:0.0080
epoch [776/1000], train loss:0.0083
epoch [776/1000], test loss:0.0079
epoch [777/1000], train loss:0.0080
epoch [777/1000], test loss:0.0078
epoch [778/1000], train loss:0.0080
epoch [778/1000], test loss:0.0079
epoch [779/1000], train loss:0.0077
epoch [779/1000], test loss:0.0081
epoch [780/1000], train loss:0.0080
epoch [780/1000], test loss:0.0079
epoch [781/1000], train loss:0.0083
epoch [781/1000], test loss:0.0079
epoch [782/1000], train loss:0.0081
epoch [782/1000], test loss:0.0084
epoch [783/1000], train loss:0.0081
epoch [783/1000], test loss:0.0082
epoch [784/1000], train loss:0.0080
epoch [784/1000], test loss:0.0080
epoch [785/1000], train loss:0.0080
epoch [785/1000], test loss:0.0084
epoch [786/1000], train loss:0.0072
epoch [786/1000], test loss:0.0079
epoch [787/1000], train loss:0.0077
epoch [787/1000], test loss:0.0078
epoch [788/1000], train loss:0.0074
epoch [788/1000], test loss:0.0078
epoch [789/1000], train loss:0.0077
epoch [789/1000], test loss:0.0079
epoch [790/1000], train loss:0.0070
epoch [790/1000], test loss:0.0081
epoch [791/1000], train loss:0.0071
epoch [791/1000], test loss:0.0081
epoch [792/1000], train loss:0.0078
epoch [792/1000], test loss:0.0079
epoch [793/1000], train loss:0.0076
epoch [793/1000], test loss:0.0081
epoch [794/1000], train loss:0.0070
epoch [794/1000], test loss:0.0079
epoch [795/1000], train loss:0.0085
epoch [795/1000], test loss:0.0079
epoch [796/1000], train loss:0.0078
epoch [796/1000], test loss:0.0078
epoch [797/1000], train loss:0.0084
epoch [797/1000], test loss:0.0081
epoch [798/1000], train loss:0.0077
epoch [798/1000], test loss:0.0078
epoch [799/1000], train loss:0.0076
epoch [799/1000], test loss:0.0082
epoch [800/1000], train loss:0.0074
epoch [800/1000], test loss:0.0079
epoch [801/1000], train loss:0.0078
epoch [801/1000], test loss:0.0078
epoch [802/1000], train loss:0.0082
epoch [802/1000], test loss:0.0082
epoch [803/1000], train loss:0.0080
epoch [803/1000], test loss:0.0078
epoch [804/1000], train loss:0.0080
epoch [804/1000], test loss:0.0081
epoch [805/1000], train loss:0.0073
epoch [805/1000], test loss:0.0078
epoch [806/1000], train loss:0.0079
epoch [806/1000], test loss:0.0080
epoch [807/1000], train loss:0.0076
epoch [807/1000], test loss:0.0091
epoch [808/1000], train loss:0.0087
epoch [808/1000], test loss:0.0078
epoch [809/1000], train loss:0.0080
epoch [809/1000], test loss:0.0081
epoch [810/1000], train loss:0.0078
epoch [810/1000], test loss:0.0079
epoch [811/1000], train loss:0.0080
epoch [811/1000], test loss:0.0078
epoch [812/1000], train loss:0.0082
epoch [812/1000], test loss:0.0080
epoch [813/1000], train loss:0.0084
epoch [813/1000], test loss:0.0093
epoch [814/1000], train loss:0.0082
epoch [814/1000], test loss:0.0078
epoch [815/1000], train loss:0.0077
epoch [815/1000], test loss:0.0079
epoch [816/1000], train loss:0.0075
epoch [816/1000], test loss:0.0079
epoch [817/1000], train loss:0.0069
epoch [817/1000], test loss:0.0080
epoch [818/1000], train loss:0.0082
epoch [818/1000], test loss:0.0079
epoch [819/1000], train loss:0.0074
epoch [819/1000], test loss:0.0078
epoch [820/1000], train loss:0.0076
epoch [820/1000], test loss:0.0084
epoch [821/1000], train loss:0.0084
epoch [821/1000], test loss:0.0079
epoch [822/1000], train loss:0.0070
epoch [822/1000], test loss:0.0090
epoch [823/1000], train loss:0.0084
epoch [823/1000], test loss:0.0085
epoch [824/1000], train loss:0.0079
epoch [824/1000], test loss:0.0079
epoch [825/1000], train loss:0.0079
epoch [825/1000], test loss:0.0081
epoch [826/1000], train loss:0.0080
epoch [826/1000], test loss:0.0079
epoch [827/1000], train loss:0.0079
epoch [827/1000], test loss:0.0079
epoch [828/1000], train loss:0.0081
epoch [828/1000], test loss:0.0081
epoch [829/1000], train loss:0.0080
epoch [829/1000], test loss:0.0078
epoch [830/1000], train loss:0.0076
epoch [830/1000], test loss:0.0079
epoch [831/1000], train loss:0.0071
epoch [831/1000], test loss:0.0079
epoch [832/1000], train loss:0.0084
epoch [832/1000], test loss:0.0081
epoch [833/1000], train loss:0.0081
epoch [833/1000], test loss:0.0087
epoch [834/1000], train loss:0.0078
epoch [834/1000], test loss:0.0081
epoch [835/1000], train loss:0.0076
epoch [835/1000], test loss:0.0080
epoch [836/1000], train loss:0.0084
epoch [836/1000], test loss:0.0080
epoch [837/1000], train loss:0.0073
epoch [837/1000], test loss:0.0078
epoch [838/1000], train loss:0.0065
epoch [838/1000], test loss:0.0078
epoch [839/1000], train loss:0.0083
epoch [839/1000], test loss:0.0078
epoch [840/1000], train loss:0.0083
epoch [840/1000], test loss:0.0079
epoch [841/1000], train loss:0.0074
epoch [841/1000], test loss:0.0083
epoch [842/1000], train loss:0.0079
epoch [842/1000], test loss:0.0078
epoch [843/1000], train loss:0.0074
epoch [843/1000], test loss:0.0078
epoch [844/1000], train loss:0.0077
epoch [844/1000], test loss:0.0078
epoch [845/1000], train loss:0.0077
epoch [845/1000], test loss:0.0080
epoch [846/1000], train loss:0.0077
epoch [846/1000], test loss:0.0080
epoch [847/1000], train loss:0.0081
epoch [847/1000], test loss:0.0080
epoch [848/1000], train loss:0.0073
epoch [848/1000], test loss:0.0081
epoch [849/1000], train loss:0.0079
epoch [849/1000], test loss:0.0080
epoch [850/1000], train loss:0.0080
epoch [850/1000], test loss:0.0082
epoch [851/1000], train loss:0.0081
epoch [851/1000], test loss:0.0079
epoch [852/1000], train loss:0.0081
epoch [852/1000], test loss:0.0088
epoch [853/1000], train loss:0.0079
epoch [853/1000], test loss:0.0078
epoch [854/1000], train loss:0.0074
epoch [854/1000], test loss:0.0079
epoch [855/1000], train loss:0.0073
epoch [855/1000], test loss:0.0078
epoch [856/1000], train loss:0.0077
epoch [856/1000], test loss:0.0078
epoch [857/1000], train loss:0.0076
epoch [857/1000], test loss:0.0078
epoch [858/1000], train loss:0.0080
epoch [858/1000], test loss:0.0079
epoch [859/1000], train loss:0.0077
epoch [859/1000], test loss:0.0079
epoch [860/1000], train loss:0.0079
epoch [860/1000], test loss:0.0079
epoch [861/1000], train loss:0.0085
epoch [861/1000], test loss:0.0078
epoch [862/1000], train loss:0.0081
epoch [862/1000], test loss:0.0079
epoch [863/1000], train loss:0.0072
epoch [863/1000], test loss:0.0078
epoch [864/1000], train loss:0.0078
epoch [864/1000], test loss:0.0079
epoch [865/1000], train loss:0.0074
epoch [865/1000], test loss:0.0078
epoch [866/1000], train loss:0.0080
epoch [866/1000], test loss:0.0080
epoch [867/1000], train loss:0.0075
epoch [867/1000], test loss:0.0080
epoch [868/1000], train loss:0.0074
epoch [868/1000], test loss:0.0080
epoch [869/1000], train loss:0.0078
epoch [869/1000], test loss:0.0082
epoch [870/1000], train loss:0.0080
epoch [870/1000], test loss:0.0078
epoch [871/1000], train loss:0.0081
epoch [871/1000], test loss:0.0083
epoch [872/1000], train loss:0.0081
epoch [872/1000], test loss:0.0078
epoch [873/1000], train loss:0.0071
epoch [873/1000], test loss:0.0086
epoch [874/1000], train loss:0.0078
epoch [874/1000], test loss:0.0078
epoch [875/1000], train loss:0.0083
epoch [875/1000], test loss:0.0079
epoch [876/1000], train loss:0.0075
epoch [876/1000], test loss:0.0080
epoch [877/1000], train loss:0.0072
epoch [877/1000], test loss:0.0079
epoch [878/1000], train loss:0.0086
epoch [878/1000], test loss:0.0079
epoch [879/1000], train loss:0.0081
epoch [879/1000], test loss:0.0079
epoch [880/1000], train loss:0.0083
epoch [880/1000], test loss:0.0079
epoch [881/1000], train loss:0.0076
epoch [881/1000], test loss:0.0079
epoch [882/1000], train loss:0.0079
epoch [882/1000], test loss:0.0078
epoch [883/1000], train loss:0.0077
epoch [883/1000], test loss:0.0078
epoch [884/1000], train loss:0.0078
epoch [884/1000], test loss:0.0079
epoch [885/1000], train loss:0.0085
epoch [885/1000], test loss:0.0079
epoch [886/1000], train loss:0.0082
epoch [886/1000], test loss:0.0078
epoch [887/1000], train loss:0.0080
epoch [887/1000], test loss:0.0080
epoch [888/1000], train loss:0.0082
epoch [888/1000], test loss:0.0078
epoch [889/1000], train loss:0.0082
epoch [889/1000], test loss:0.0081
epoch [890/1000], train loss:0.0087
epoch [890/1000], test loss:0.0079
epoch [891/1000], train loss:0.0081
epoch [891/1000], test loss:0.0079
epoch [892/1000], train loss:0.0078
epoch [892/1000], test loss:0.0080
epoch [893/1000], train loss:0.0078
epoch [893/1000], test loss:0.0081
epoch [894/1000], train loss:0.0082
epoch [894/1000], test loss:0.0084
epoch [895/1000], train loss:0.0080
epoch [895/1000], test loss:0.0081
epoch [896/1000], train loss:0.0078
epoch [896/1000], test loss:0.0078
epoch [897/1000], train loss:0.0075
epoch [897/1000], test loss:0.0080
epoch [898/1000], train loss:0.0080
epoch [898/1000], test loss:0.0079
epoch [899/1000], train loss:0.0075
epoch [899/1000], test loss:0.0079
epoch [900/1000], train loss:0.0086
epoch [900/1000], test loss:0.0079
epoch [901/1000], train loss:0.0082
epoch [901/1000], test loss:0.0079
epoch [902/1000], train loss:0.0082
epoch [902/1000], test loss:0.0101
epoch [903/1000], train loss:0.0075
epoch [903/1000], test loss:0.0079
epoch [904/1000], train loss:0.0077
epoch [904/1000], test loss:0.0078
epoch [905/1000], train loss:0.0074
epoch [905/1000], test loss:0.0078
epoch [906/1000], train loss:0.0081
epoch [906/1000], test loss:0.0079
epoch [907/1000], train loss:0.0073
epoch [907/1000], test loss:0.0079
epoch [908/1000], train loss:0.0074
epoch [908/1000], test loss:0.0079
epoch [909/1000], train loss:0.0084
epoch [909/1000], test loss:0.0079
epoch [910/1000], train loss:0.0078
epoch [910/1000], test loss:0.0079
epoch [911/1000], train loss:0.0081
epoch [911/1000], test loss:0.0079
epoch [912/1000], train loss:0.0077
epoch [912/1000], test loss:0.0079
epoch [913/1000], train loss:0.0075
epoch [913/1000], test loss:0.0078
epoch [914/1000], train loss:0.0082
epoch [914/1000], test loss:0.0079
epoch [915/1000], train loss:0.0081
epoch [915/1000], test loss:0.0078
epoch [916/1000], train loss:0.0075
epoch [916/1000], test loss:0.0079
epoch [917/1000], train loss:0.0079
epoch [917/1000], test loss:0.0082
epoch [918/1000], train loss:0.0080
epoch [918/1000], test loss:0.0078
epoch [919/1000], train loss:0.0080
epoch [919/1000], test loss:0.0080
epoch [920/1000], train loss:0.0075
epoch [920/1000], test loss:0.0078
epoch [921/1000], train loss:0.0084
epoch [921/1000], test loss:0.0078
epoch [922/1000], train loss:0.0073
epoch [922/1000], test loss:0.0081
epoch [923/1000], train loss:0.0074
epoch [923/1000], test loss:0.0080
epoch [924/1000], train loss:0.0089
epoch [924/1000], test loss:0.0079
epoch [925/1000], train loss:0.0080
epoch [925/1000], test loss:0.0080
epoch [926/1000], train loss:0.0081
epoch [926/1000], test loss:0.0078
epoch [927/1000], train loss:0.0084
epoch [927/1000], test loss:0.0084
epoch [928/1000], train loss:0.0076
epoch [928/1000], test loss:0.0079
epoch [929/1000], train loss:0.0075
epoch [929/1000], test loss:0.0080
epoch [930/1000], train loss:0.0085
epoch [930/1000], test loss:0.0082
epoch [931/1000], train loss:0.0078
epoch [931/1000], test loss:0.0078
epoch [932/1000], train loss:0.0075
epoch [932/1000], test loss:0.0079
epoch [933/1000], train loss:0.0076
epoch [933/1000], test loss:0.0078
epoch [934/1000], train loss:0.0078
epoch [934/1000], test loss:0.0080
epoch [935/1000], train loss:0.0081
epoch [935/1000], test loss:0.0080
epoch [936/1000], train loss:0.0083
epoch [936/1000], test loss:0.0081
epoch [937/1000], train loss:0.0084
epoch [937/1000], test loss:0.0079
epoch [938/1000], train loss:0.0075
epoch [938/1000], test loss:0.0079
epoch [939/1000], train loss:0.0079
epoch [939/1000], test loss:0.0078
epoch [940/1000], train loss:0.0083
epoch [940/1000], test loss:0.0078
epoch [941/1000], train loss:0.0087
epoch [941/1000], test loss:0.0078
epoch [942/1000], train loss:0.0079
epoch [942/1000], test loss:0.0079
epoch [943/1000], train loss:0.0078
epoch [943/1000], test loss:0.0078
epoch [944/1000], train loss:0.0083
epoch [944/1000], test loss:0.0078
epoch [945/1000], train loss:0.0080
epoch [945/1000], test loss:0.0078
epoch [946/1000], train loss:0.0077
epoch [946/1000], test loss:0.0078
epoch [947/1000], train loss:0.0081
epoch [947/1000], test loss:0.0080
epoch [948/1000], train loss:0.0080
epoch [948/1000], test loss:0.0079
epoch [949/1000], train loss:0.0072
epoch [949/1000], test loss:0.0079
epoch [950/1000], train loss:0.0079
epoch [950/1000], test loss:0.0079
epoch [951/1000], train loss:0.0083
epoch [951/1000], test loss:0.0078
epoch [952/1000], train loss:0.0072
epoch [952/1000], test loss:0.0079
epoch [953/1000], train loss:0.0083
epoch [953/1000], test loss:0.0079
epoch [954/1000], train loss:0.0078
epoch [954/1000], test loss:0.0079
epoch [955/1000], train loss:0.0083
epoch [955/1000], test loss:0.0078
epoch [956/1000], train loss:0.0079
epoch [956/1000], test loss:0.0078
epoch [957/1000], train loss:0.0079
epoch [957/1000], test loss:0.0079
epoch [958/1000], train loss:0.0083
epoch [958/1000], test loss:0.0078
epoch [959/1000], train loss:0.0079
epoch [959/1000], test loss:0.0079
epoch [960/1000], train loss:0.0077
epoch [960/1000], test loss:0.0079
epoch [961/1000], train loss:0.0079
epoch [961/1000], test loss:0.0080
epoch [962/1000], train loss:0.0072
epoch [962/1000], test loss:0.0079
epoch [963/1000], train loss:0.0074
epoch [963/1000], test loss:0.0079
epoch [964/1000], train loss:0.0084
epoch [964/1000], test loss:0.0079
epoch [965/1000], train loss:0.0076
epoch [965/1000], test loss:0.0079
epoch [966/1000], train loss:0.0080
epoch [966/1000], test loss:0.0079
epoch [967/1000], train loss:0.0079
epoch [967/1000], test loss:0.0078
epoch [968/1000], train loss:0.0084
epoch [968/1000], test loss:0.0099
epoch [969/1000], train loss:0.0082
epoch [969/1000], test loss:0.0080
epoch [970/1000], train loss:0.0078
epoch [970/1000], test loss:0.0079
epoch [971/1000], train loss:0.0081
epoch [971/1000], test loss:0.0079
epoch [972/1000], train loss:0.0076
epoch [972/1000], test loss:0.0078
epoch [973/1000], train loss:0.0070
epoch [973/1000], test loss:0.0078
epoch [974/1000], train loss:0.0086
epoch [974/1000], test loss:0.0087
epoch [975/1000], train loss:0.0073
epoch [975/1000], test loss:0.0087
epoch [976/1000], train loss:0.0079
epoch [976/1000], test loss:0.0079
epoch [977/1000], train loss:0.0082
epoch [977/1000], test loss:0.0079
epoch [978/1000], train loss:0.0076
epoch [978/1000], test loss:0.0079
epoch [979/1000], train loss:0.0072
epoch [979/1000], test loss:0.0079
epoch [980/1000], train loss:0.0076
epoch [980/1000], test loss:0.0079
epoch [981/1000], train loss:0.0077
epoch [981/1000], test loss:0.0078
epoch [982/1000], train loss:0.0078
epoch [982/1000], test loss:0.0079
epoch [983/1000], train loss:0.0074
epoch [983/1000], test loss:0.0079
epoch [984/1000], train loss:0.0072
epoch [984/1000], test loss:0.0082
epoch [985/1000], train loss:0.0080
epoch [985/1000], test loss:0.0081
epoch [986/1000], train loss:0.0075
epoch [986/1000], test loss:0.0079
epoch [987/1000], train loss:0.0080
epoch [987/1000], test loss:0.0078
epoch [988/1000], train loss:0.0072
epoch [988/1000], test loss:0.0080
epoch [989/1000], train loss:0.0078
epoch [989/1000], test loss:0.0078
epoch [990/1000], train loss:0.0071
epoch [990/1000], test loss:0.0078
epoch [991/1000], train loss:0.0075
epoch [991/1000], test loss:0.0088
epoch [992/1000], train loss:0.0072
epoch [992/1000], test loss:0.0087
epoch [993/1000], train loss:0.0081
epoch [993/1000], test loss:0.0079
epoch [994/1000], train loss:0.0075
epoch [994/1000], test loss:0.0080
epoch [995/1000], train loss:0.0079
epoch [995/1000], test loss:0.0078
epoch [996/1000], train loss:0.0066
epoch [996/1000], test loss:0.0078
epoch [997/1000], train loss:0.0073
epoch [997/1000], test loss:0.0079
epoch [998/1000], train loss:0.0079
epoch [998/1000], test loss:0.0082
epoch [999/1000], train loss:0.0079
epoch [999/1000], test loss:0.0078
epoch [1000/1000], train loss:0.0077
epoch [1000/1000], test loss:0.0078
saving model to file ./conv_autoencoder_3layer.pth
